\BOOKMARK [-1][-]{part.1}{\376\377\000I\000\040\000U\000m\000f\000e\000l\000d\000\040\000u\000n\000d\000\040\000A\000b\000l\000a\000u\000f}{}% 1
\BOOKMARK [0][-]{chapter.1}{\376\377\000A\000u\000f\000g\000a\000b\000e\000n\000s\000t\000e\000l\000l\000u\000n\000g}{part.1}% 2
\BOOKMARK [1][-]{section.1.1}{\376\377\000A\000u\000s\000g\000a\000n\000g\000s\000l\000a\000g\000e}{chapter.1}% 3
\BOOKMARK [1][-]{section.1.2}{\376\377\000D\000e\000t\000a\000i\000l\000l\000i\000e\000r\000t\000e\000\040\000A\000u\000f\000g\000a\000b\000e\000n\000s\000t\000e\000l\000l\000u\000n\000g}{chapter.1}% 4
\BOOKMARK [1][-]{section.1.3}{\376\377\000M\000i\000t\000t\000e\000l\000\040\000u\000n\000d\000\040\000M\000e\000t\000h\000o\000d\000e\000n}{chapter.1}% 5
\BOOKMARK [1][-]{section.1.4}{\376\377\000V\000o\000r\000k\000e\000n\000n\000t\000n\000i\000s\000s\000e}{chapter.1}% 6
\BOOKMARK [1][-]{section.1.5}{\376\377\000V\000o\000r\000a\000r\000b\000e\000i\000t\000e\000n}{chapter.1}% 7
\BOOKMARK [1][-]{section.1.6}{\376\377\000N\000e\000u\000e\000\040\000L\000e\000r\000n\000i\000n\000h\000a\000l\000t\000e}{chapter.1}% 8
\BOOKMARK [1][-]{section.1.7}{\376\377\000A\000r\000b\000e\000i\000t\000e\000n\000\040\000i\000n\000\040\000d\000e\000n\000\040\000l\000e\000t\000z\000t\000e\000n\000\040\0006\000\040\000M\000o\000n\000a\000t\000e\000n}{chapter.1}% 9
\BOOKMARK [0][-]{chapter.2}{\376\377\000P\000r\000o\000j\000e\000k\000t\000a\000u\000f\000b\000a\000u\000o\000r\000g\000a\000n\000i\000s\000a\000t\000i\000o\000n}{part.1}% 10
\BOOKMARK [0][-]{chapter.3}{\376\377\000B\000e\000n\000\374\000t\000z\000t\000e\000\040\000F\000i\000r\000m\000e\000n\000s\000t\000a\000n\000d\000a\000r\000d\000s}{part.1}% 11
\BOOKMARK [0][-]{chapter.4}{\376\377\000A\000r\000b\000e\000i\000t\000s\000u\000m\000g\000e\000b\000u\000n\000g}{part.1}% 12
\BOOKMARK [1][-]{section.4.1}{\376\377\000A\000r\000b\000e\000i\000t\000s\000p\000l\000a\000t\000z}{chapter.4}% 13
\BOOKMARK [2][-]{subsection.4.1.1}{\376\377\000O\000f\000f\000i\000c\000e\000\040\000A\000r\000b\000e\000i\000t\000s\000p\000l\000a\000t\000z}{section.4.1}% 14
\BOOKMARK [1][-]{section.4.2}{\376\377\000V\000e\000r\000w\000e\000n\000d\000e\000t\000e\000\040\000T\000o\000o\000l\000s}{chapter.4}% 15
\BOOKMARK [0][-]{chapter.5}{\376\377\000V\000e\000r\000s\000i\000o\000n\000i\000e\000r\000u\000n\000g\000\040\000u\000n\000d\000\040\000S\000i\000c\000h\000e\000r\000u\000n\000g\000\040\000d\000e\000r\000\040\000A\000r\000b\000e\000i\000t\000s\000e\000r\000g\000e\000b\000n\000i\000s\000s\000e}{part.1}% 16
\BOOKMARK [0][-]{chapter.6}{\376\377\000P\000r\000o\000j\000e\000k\000t\000m\000a\000n\000a\000g\000e\000m\000e\000n\000t\000m\000e\000t\000h\000o\000d\000e}{part.1}% 17
\BOOKMARK [1][-]{section.6.1}{\376\377\000M\000E\000T\000H\000O\000D\000E}{chapter.6}% 18
\BOOKMARK [1][-]{section.6.2}{\376\377\000A\000l\000t\000e\000r\000n\000a\000t\000i\000v\000e\000\040\000M\000e\000t\000h\000o\000d\000e}{chapter.6}% 19
\BOOKMARK [0][-]{chapter.7}{\376\377\000A\000r\000b\000e\000i\000t\000s\000p\000r\000o\000t\000o\000k\000o\000l\000l}{part.1}% 20
\BOOKMARK [-1][-]{part.2}{\376\377\000I\000I\000\040\000P\000r\000o\000j\000e\000k\000t}{}% 21
\BOOKMARK [0][-]{section*.3}{\376\377\000A\000b\000b\000i\000l\000d\000u\000n\000g\000s\000v\000e\000r\000z\000e\000i\000c\000h\000n\000i\000s}{part.2}% 22
