\BOOKMARK [-1][-]{part.1}{\376\377\000I\000\040\000U\000m\000f\000e\000l\000d\000\040\000u\000n\000d\000\040\000A\000b\000l\000a\000u\000f}{}% 1
\BOOKMARK [0][-]{chapter.1}{\376\377\000A\000u\000f\000g\000a\000b\000e\000n\000s\000t\000e\000l\000l\000u\000n\000g}{part.1}% 2
\BOOKMARK [1][-]{section.1.1}{\376\377\000A\000u\000s\000g\000a\000n\000g\000s\000l\000a\000g\000e}{chapter.1}% 3
\BOOKMARK [1][-]{section.1.2}{\376\377\000D\000e\000t\000a\000i\000l\000l\000i\000e\000r\000t\000e\000\040\000A\000u\000f\000g\000a\000b\000e\000n\000s\000t\000e\000l\000l\000u\000n\000g}{chapter.1}% 4
\BOOKMARK [1][-]{section.1.3}{\376\377\000M\000i\000t\000t\000e\000l\000\040\000u\000n\000d\000\040\000M\000e\000t\000h\000o\000d\000e\000n}{chapter.1}% 5
\BOOKMARK [1][-]{section.1.4}{\376\377\000V\000o\000r\000k\000e\000n\000n\000t\000n\000i\000s\000s\000e}{chapter.1}% 6
\BOOKMARK [1][-]{section.1.5}{\376\377\000V\000o\000r\000a\000r\000b\000e\000i\000t\000e\000n}{chapter.1}% 7
\BOOKMARK [1][-]{section.1.6}{\376\377\000N\000e\000u\000e\000\040\000L\000e\000r\000n\000i\000n\000h\000a\000l\000t\000e}{chapter.1}% 8
\BOOKMARK [1][-]{section.1.7}{\376\377\000A\000r\000b\000e\000i\000t\000e\000n\000\040\000i\000n\000\040\000d\000e\000n\000\040\000l\000e\000t\000z\000t\000e\000n\000\040\0006\000\040\000M\000o\000n\000a\000t\000e\000n}{chapter.1}% 9
\BOOKMARK [0][-]{chapter.2}{\376\377\000P\000r\000o\000j\000e\000k\000t\000a\000u\000f\000b\000a\000u\000o\000r\000g\000a\000n\000i\000s\000a\000t\000i\000o\000n}{part.1}% 10
\BOOKMARK [0][-]{chapter.3}{\376\377\000B\000e\000n\000\374\000t\000z\000t\000e\000\040\000F\000i\000r\000m\000e\000n\000s\000t\000a\000n\000d\000a\000r\000d\000s}{part.1}% 11
\BOOKMARK [0][-]{chapter.4}{\376\377\000A\000r\000b\000e\000i\000t\000s\000u\000m\000g\000e\000b\000u\000n\000g}{part.1}% 12
\BOOKMARK [1][-]{section.4.1}{\376\377\000A\000r\000b\000e\000i\000t\000s\000p\000l\000a\000t\000z}{chapter.4}% 13
\BOOKMARK [1][-]{section.4.2}{\376\377\000V\000e\000r\000w\000e\000n\000d\000e\000t\000e\000\040\000T\000o\000o\000l\000s}{chapter.4}% 14
\BOOKMARK [0][-]{chapter.5}{\376\377\000V\000e\000r\000s\000i\000o\000n\000i\000e\000r\000u\000n\000g\000\040\000u\000n\000d\000\040\000S\000i\000c\000h\000e\000r\000u\000n\000g\000\040\000d\000e\000r\000\040\000A\000r\000b\000e\000i\000t\000s\000e\000r\000g\000e\000b\000n\000i\000s\000s\000e}{part.1}% 15
\BOOKMARK [1][-]{section.5.1}{\376\377\000G\000i\000t\000\040\000a\000l\000s\000\040\000V\000e\000r\000s\000i\000o\000n\000i\000e\000r\000u\000n\000g\000s\000t\000o\000o\000l}{chapter.5}% 16
\BOOKMARK [1][-]{section.5.2}{\376\377\000G\000i\000t\000\040\000i\000m\000\040\000Z\000u\000s\000a\000m\000m\000e\000n\000s\000p\000i\000e\000l\000\040\000m\000i\000t\000\040\000G\000e\000r\000r\000i\000t}{chapter.5}% 17
\BOOKMARK [0][-]{chapter.6}{\376\377\000P\000r\000o\000j\000e\000k\000t\000m\000a\000n\000a\000g\000e\000m\000e\000n\000t\000m\000e\000t\000h\000o\000d\000e}{part.1}% 18
\BOOKMARK [1][-]{section.6.1}{\376\377\000I\000P\000E\000R\000K\000A}{chapter.6}% 19
\BOOKMARK [2][-]{subsection.6.1.1}{\376\377\000I\000n\000f\000o\000r\000m\000i\000e\000r\000e\000n}{section.6.1}% 20
\BOOKMARK [2][-]{subsection.6.1.2}{\376\377\000P\000l\000a\000n\000e\000n}{section.6.1}% 21
\BOOKMARK [2][-]{subsection.6.1.3}{\376\377\000E\000n\000t\000s\000c\000h\000e\000i\000d\000e\000n}{section.6.1}% 22
\BOOKMARK [2][-]{subsection.6.1.4}{\376\377\000R\000e\000a\000l\000i\000s\000i\000e\000r\000e\000n}{section.6.1}% 23
\BOOKMARK [2][-]{subsection.6.1.5}{\376\377\000K\000o\000n\000t\000r\000o\000l\000l\000i\000e\000r\000e\000n}{section.6.1}% 24
\BOOKMARK [2][-]{subsection.6.1.6}{\376\377\000A\000u\000s\000w\000e\000r\000t\000e\000n}{section.6.1}% 25
\BOOKMARK [1][-]{section.6.2}{\376\377\000A\000l\000t\000e\000r\000n\000a\000t\000i\000v\000e\000\040\000M\000e\000t\000h\000o\000d\000e\000\040\000-\000\040\000S\000c\000r\000u\000m}{chapter.6}% 26
\BOOKMARK [0][-]{chapter.7}{\376\377\000A\000r\000b\000e\000i\000t\000s\000p\000r\000o\000t\000o\000k\000o\000l\000l}{part.1}% 27
\BOOKMARK [0][-]{chapter.8}{\376\377\000Z\000e\000i\000t\000p\000l\000a\000n}{part.1}% 28
\BOOKMARK [-1][-]{part.2}{\376\377\000I\000I\000\040\000P\000r\000o\000j\000e\000k\000t}{}% 29
\BOOKMARK [0][-]{chapter.9}{\376\377\000I\000n\000f\000o\000r\000m\000i\000e\000r\000e\000n}{part.2}% 30
\BOOKMARK [1][-]{section.9.1}{\376\377\000A\000n\000a\000l\000y\000s\000e}{chapter.9}% 31
\BOOKMARK [2][-]{subsection.9.1.1}{\376\377\000K\000u\000r\000z\000f\000a\000s\000s\000u\000n\000g}{section.9.1}% 32
\BOOKMARK [2][-]{subsection.9.1.2}{\376\377\000A\000b\000g\000r\000e\000n\000z\000u\000g}{section.9.1}% 33
\BOOKMARK [2][-]{subsection.9.1.3}{\376\377\000F\000u\000t\000u\000r\000a\000e}{section.9.1}% 34
\BOOKMARK [1][-]{section.9.2}{\376\377\000T\000e\000c\000h\000n\000i\000s\000c\000h\000e\000\040\000R\000e\000f\000e\000r\000e\000n\000z\000e\000n}{chapter.9}% 35
\BOOKMARK [1][-]{section.9.3}{\376\377\000A\000n\000f\000o\000r\000d\000e\000r\000u\000n\000g\000e\000n}{chapter.9}% 36
\BOOKMARK [2][-]{subsection.9.3.1}{\376\377\000R\000e\000s\000t\000\040\000/\000\040\000B\000a\000c\000k\000e\000n\000d}{section.9.3}% 37
\BOOKMARK [2][-]{subsection.9.3.2}{\376\377\000S\000P\000A}{section.9.3}% 38
\BOOKMARK [2][-]{subsection.9.3.3}{\376\377\000K\000u\000n\000d\000e\000n\000d\000o\000k\000u\000m\000e\000n\000t\000a\000t\000i\000o\000n}{section.9.3}% 39
\BOOKMARK [0][-]{chapter.10}{\376\377\000P\000l\000a\000n\000e\000n}{part.2}% 40
\BOOKMARK [1][-]{section.10.1}{\376\377\000A\000r\000b\000e\000i\000t\000s\000p\000a\000k\000e\000t\000e}{chapter.10}% 41
\BOOKMARK [2][-]{subsection.10.1.1}{\376\377\000I\000n\000f\000o\000r\000m\000i\000e\000r\000e\000n}{section.10.1}% 42
\BOOKMARK [2][-]{subsection.10.1.2}{\376\377\000P\000l\000a\000n\000e\000n}{section.10.1}% 43
\BOOKMARK [2][-]{subsection.10.1.3}{\376\377\000E\000n\000t\000s\000c\000h\000e\000i\000d\000e\000n}{section.10.1}% 44
\BOOKMARK [2][-]{subsection.10.1.4}{\376\377\000R\000e\000a\000l\000i\000s\000i\000e\000r\000e\000n}{section.10.1}% 45
\BOOKMARK [2][-]{subsection.10.1.5}{\376\377\000K\000o\000n\000t\000r\000o\000l\000l\000i\000e\000r\000e\000n}{section.10.1}% 46
\BOOKMARK [2][-]{subsection.10.1.6}{\376\377\000A\000u\000s\000w\000e\000r\000t\000e\000n}{section.10.1}% 47
\BOOKMARK [2][-]{subsection.10.1.7}{\376\377\000R\000a\000h\000m\000e\000n\000a\000u\000f\000g\000a\000b\000e\000n}{section.10.1}% 48
\BOOKMARK [1][-]{section.10.2}{\376\377\000L\000\366\000s\000u\000n\000g\000s\000k\000o\000n\000z\000e\000p\000t\000\040\000B\000a\000c\000k\000e\000n\000d}{chapter.10}% 49
\BOOKMARK [2][-]{subsection.10.2.1}{\376\377\000R\000E\000S\000T}{section.10.2}% 50
\BOOKMARK [2][-]{subsection.10.2.2}{\376\377\000R\000o\000l\000l\000e\000n\000l\000o\000g\000i\000k}{section.10.2}% 51
\BOOKMARK [2][-]{subsection.10.2.3}{\376\377\000W\000i\000c\000h\000t\000i\000g\000e\000\040\000K\000l\000a\000s\000s\000e\000n\000\040\000u\000n\000d\000\040\000I\000n\000t\000e\000r\000f\000a\000c\000e\000s}{section.10.2}% 52
\BOOKMARK [1][-]{section.10.3}{\376\377\000L\000\366\000s\000u\000n\000g\000s\000k\000o\000n\000z\000e\000p\000t\000\040\000S\000P\000A}{chapter.10}% 53
\BOOKMARK [2][-]{subsection.10.3.1}{\376\377\000M\000o\000c\000k\000u\000p\000s}{section.10.3}% 54
\BOOKMARK [2][-]{subsection.10.3.2}{\376\377\000L\000\366\000s\000u\000n\000g\000s\000v\000a\000r\000i\000a\000n\000t\000e\000\040\000o\000h\000n\000e\000\040\000P\000o\000p\000u\000p}{section.10.3}% 55
\BOOKMARK [2][-]{subsection.10.3.3}{\376\377\000R\000o\000l\000l\000e\000n\000l\000o\000g\000i\000k}{section.10.3}% 56
\BOOKMARK [2][-]{subsection.10.3.4}{\376\377\000W\000i\000c\000h\000t\000i\000g\000e\000\040\000K\000o\000m\000p\000o\000n\000e\000n\000t\000e\000n\000\040\000u\000n\000d\000\040\000S\000e\000r\000v\000i\000c\000e\000s}{section.10.3}% 57
\BOOKMARK [2][-]{subsection.10.3.5}{\376\377\000T\000r\000a\000n\000s\000l\000a\000t\000i\000o\000n\000\040\000K\000e\000y\000s}{section.10.3}% 58
\BOOKMARK [1][-]{section.10.4}{\376\377\000T\000e\000s\000t\000k\000o\000n\000z\000e\000p\000t}{chapter.10}% 59
\BOOKMARK [2][-]{subsection.10.4.1}{\376\377\000B\000e\000n\000\366\000t\000i\000g\000t\000e\000\040\000T\000e\000s\000t\000m\000i\000t\000t\000e\000l}{section.10.4}% 60
\BOOKMARK [2][-]{subsection.10.4.2}{\376\377\000W\000i\000r\000e\000m\000o\000c\000k}{section.10.4}% 61
\BOOKMARK [2][-]{subsection.10.4.3}{\376\377\000U\000n\000i\000t\000-\000T\000e\000s\000t\000s}{section.10.4}% 62
\BOOKMARK [2][-]{subsection.10.4.4}{\376\377\000R\000E\000S\000T\000-\000I\000n\000t\000e\000g\000r\000a\000t\000i\000o\000n\000-\000T\000e\000s\000t\000s}{section.10.4}% 63
\BOOKMARK [2][-]{subsection.10.4.5}{\376\377\000U\000I\000-\000I\000n\000t\000e\000g\000r\000a\000t\000i\000o\000n\000-\000T\000e\000s\000t\000s}{section.10.4}% 64
\BOOKMARK [2][-]{subsection.10.4.6}{\376\377\000M\000a\000n\000u\000e\000l\000l\000e\000\040\000T\000e\000s\000t\000s}{section.10.4}% 65
\BOOKMARK [1][-]{section.10.5}{\376\377\000Q\000u\000a\000l\000i\000t\000\344\000t\000s\000s\000i\000c\000h\000e\000r\000u\000n\000g\000s\000k\000o\000n\000z\000e\000p\000t}{chapter.10}% 66
\BOOKMARK [0][-]{chapter.11}{\376\377\000E\000n\000t\000s\000c\000h\000e\000i\000d\000e\000n}{part.2}% 67
\BOOKMARK [1][-]{section.11.1}{\376\377\000R\000E\000S\000T\000-\000I\000n\000t\000e\000r\000f\000a\000c\000e\000\040\000B\000a\000c\000k\000e\000n\000d}{chapter.11}% 68
\BOOKMARK [1][-]{section.11.2}{\376\377\000S\000P\000A\000-\000D\000e\000s\000i\000g\000n}{chapter.11}% 69
\BOOKMARK [0][-]{chapter.12}{\376\377\000R\000e\000a\000l\000i\000s\000i\000e\000r\000e\000n}{part.2}% 70
\BOOKMARK [1][-]{section.12.1}{\376\377\000B\000a\000c\000k\000e\000n\000d\000\040\000e\000r\000w\000e\000i\000t\000e\000r\000n}{chapter.12}% 71
\BOOKMARK [2][-]{subsection.12.1.1}{\376\377\000N\000e\000u\000e\000r\000\040\000R\000E\000S\000T\000-\000E\000n\000d\000p\000u\000n\000k\000t}{section.12.1}% 72
\BOOKMARK [2][-]{subsection.12.1.2}{\376\377\000R\000e\000q\000u\000e\000s\000t\000s\000\040\000z\000u\000\040\000F\000u\000t\000u\000r\000a\000e}{section.12.1}% 73
\BOOKMARK [2][-]{subsection.12.1.3}{\376\377\000L\000o\000g\000g\000i\000n\000g}{section.12.1}% 74
\BOOKMARK [2][-]{subsection.12.1.4}{\376\377\000R\000e\000s\000u\000l\000t\000a\000t}{section.12.1}% 75
\BOOKMARK [2][-]{subsection.12.1.5}{\376\377\000T\000e\000s\000t\000s}{section.12.1}% 76
\BOOKMARK [2][-]{subsection.12.1.6}{\376\377\000T\000e\000s\000t\000e\000n\000\040\000d\000e\000r\000\040\000A\000c\000c\000e\000s\000s\000\040\000C\000o\000n\000t\000r\000o\000l}{section.12.1}% 77
\BOOKMARK [1][-]{section.12.2}{\376\377\000S\000P\000A\000\040\000e\000r\000w\000e\000i\000t\000e\000r\000n}{chapter.12}% 78
\BOOKMARK [2][-]{subsection.12.2.1}{\376\377\000R\000e\000q\000u\000e\000s\000t\000\040\000z\000u\000r\000\040\000I\000A\000M\000\040\000A\000P\000I}{section.12.2}% 79
\BOOKMARK [2][-]{subsection.12.2.2}{\376\377\000D\000a\000r\000s\000t\000e\000l\000l\000u\000n\000g\000\040\000i\000m\000\040\000U\000I}{section.12.2}% 80
\BOOKMARK [2][-]{subsection.12.2.3}{\376\377\000i\0001\0008\000n\000\040\000T\000r\000a\000n\000s\000l\000a\000t\000i\000o\000n\000\040\000K\000e\000y\000s}{section.12.2}% 81
\BOOKMARK [2][-]{subsection.12.2.4}{\376\377\000U\000I\000\040\000I\000n\000t\000e\000g\000r\000a\000t\000i\000o\000n\000-\000T\000e\000s\000t\000s}{section.12.2}% 82
\BOOKMARK [1][-]{section.12.3}{\376\377\000K\000u\000n\000d\000e\000n\000d\000o\000k\000u\000m\000e\000n\000t\000a\000t\000i\000o\000n}{chapter.12}% 83
\BOOKMARK [2][-]{subsection.12.3.1}{\376\377\000K\000a\000p\000i\000t\000e\000l\000\040\0001\0008\000.\0005\000\040\000A\000i\000r\000l\000o\000c\000k\000\040\0002\000F\000A\000\040\000C\000o\000n\000f\000i\000g\000u\000r\000a\000t\000i\000o\000n\000\040\000e\000r\000w\000e\000i\000t\000e\000r\000n}{section.12.3}% 84
\BOOKMARK [0][-]{chapter.13}{\376\377\000K\000o\000n\000t\000r\000o\000l\000l\000i\000e\000r\000e\000n}{part.2}% 85
\BOOKMARK [1][-]{section.13.1}{\376\377\000D\000u\000r\000c\000h\000f\000\374\000h\000r\000e\000n\000\040\000d\000e\000r\000\040\000T\000e\000s\000t\000s}{chapter.13}% 86
\BOOKMARK [2][-]{subsection.13.1.1}{\376\377\000U\000n\000i\000t\000-\000T\000e\000s\000t\000s}{section.13.1}% 87
\BOOKMARK [2][-]{subsection.13.1.2}{\376\377\000R\000E\000S\000T\000-\000I\000n\000t\000e\000g\000r\000a\000t\000i\000o\000n\000-\000T\000e\000s\000t\000s}{section.13.1}% 88
\BOOKMARK [2][-]{subsection.13.1.3}{\376\377\000U\000I\000-\000I\000n\000t\000e\000g\000r\000a\000t\000i\000o\000n\000-\000T\000e\000s\000t\000s}{section.13.1}% 89
\BOOKMARK [2][-]{subsection.13.1.4}{\376\377\000M\000a\000n\000u\000e\000l\000l\000e\000\040\000T\000e\000s\000t\000s}{section.13.1}% 90
\BOOKMARK [1][-]{section.13.2}{\376\377\000Q\000u\000a\000l\000i\000t\000\344\000t\000s\000s\000i\000c\000h\000e\000r\000u\000n\000g}{chapter.13}% 91
\BOOKMARK [2][-]{subsection.13.2.1}{\376\377\000M\000a\000n\000u\000e\000l\000l\000e\000\040\000R\000e\000f\000a\000c\000t\000o\000r\000i\000n\000g\000s}{section.13.2}% 92
\BOOKMARK [2][-]{subsection.13.2.2}{\376\377\000A\000u\000t\000o\000m\000a\000t\000i\000s\000i\000e\000r\000t\000e\000\040\000C\000o\000d\000e\000-\000A\000n\000a\000l\000y\000s\000e}{section.13.2}% 93
\BOOKMARK [0][-]{chapter.14}{\376\377\000A\000u\000s\000w\000e\000r\000t\000e\000n}{part.2}% 94
\BOOKMARK [1][-]{section.14.1}{\376\377\000P\000r\000o\000j\000e\000k\000t\000m\000a\000n\000a\000g\000e\000m\000e\000n\000t}{chapter.14}% 95
\BOOKMARK [1][-]{section.14.2}{\376\377\000Z\000e\000i\000t\000m\000a\000n\000a\000g\000e\000m\000e\000n\000t}{chapter.14}% 96
\BOOKMARK [1][-]{section.14.3}{\376\377\000A\000r\000b\000e\000i\000t\000s\000p\000r\000o\000z\000e\000s\000s}{chapter.14}% 97
\BOOKMARK [1][-]{section.14.4}{\376\377\000E\000r\000g\000e\000b\000n\000i\000s\000\040\000d\000e\000r\000\040\000P\000r\000o\000b\000e\000-\000I\000P\000A}{chapter.14}% 98
\BOOKMARK [1][-]{section.14.5}{\376\377\000S\000c\000h\000l\000u\000s\000s\000w\000o\000r\000t}{chapter.14}% 99
\BOOKMARK [0][-]{section*.19}{\376\377\000A\000b\000b\000i\000l\000d\000u\000n\000g\000s\000v\000e\000r\000z\000e\000i\000c\000h\000n\000i\000s}{part.2}% 100
\BOOKMARK [0][-]{chapter*.20}{\376\377\000Q\000u\000e\000l\000l\000e\000n\000v\000e\000r\000z\000e\000i\000c\000h\000n\000i\000s}{part.2}% 101
