This is pdfTeX, Version 3.141592653-2.6-1.40.25 (TeX Live 2023/Debian) (preloaded format=pdflatex 2024.10.28)  21 NOV 2024 15:47
entering extended mode
 restricted \write18 enabled.
 %&-line parsing enabled.
**main.tex
(./main.tex
LaTeX2e <2023-11-01> patch level 1
L3 programming layer <2024-01-22>
(/usr/share/texlive/texmf-dist/tex/latex/base/report.cls
Document Class: report 2023/05/17 v1.4n Standard LaTeX document class
(/usr/share/texlive/texmf-dist/tex/latex/base/size11.clo
File: size11.clo 2023/05/17 v1.4n Standard LaTeX file (size option)
)
\c@part=\count187
\c@chapter=\count188
\c@section=\count189
\c@subsection=\count190
\c@subsubsection=\count191
\c@paragraph=\count192
\c@subparagraph=\count193
\c@figure=\count194
\c@table=\count195
\abovecaptionskip=\skip48
\belowcaptionskip=\skip49
\bibindent=\dimen140
)
(/usr/share/texlive/texmf-dist/tex/latex/listings/listings.sty
(/usr/share/texlive/texmf-dist/tex/latex/graphics/keyval.sty
Package: keyval 2022/05/29 v1.15 key=value parser (DPC)
\KV@toks@=\toks17
)
\lst@mode=\count196
\lst@gtempboxa=\box51
\lst@token=\toks18
\lst@length=\count197
\lst@currlwidth=\dimen141
\lst@column=\count198
\lst@pos=\count199
\lst@lostspace=\dimen142
\lst@width=\dimen143
\lst@newlines=\count266
\lst@lineno=\count267
\lst@maxwidth=\dimen144

(/usr/share/texlive/texmf-dist/tex/latex/listings/lstmisc.sty
File: lstmisc.sty 2023/02/27 1.9 (Carsten Heinz)
\c@lstnumber=\count268
\lst@skipnumbers=\count269
\lst@framebox=\box52
)
(/usr/share/texlive/texmf-dist/tex/latex/listings/listings.cfg
File: listings.cfg 2023/02/27 1.9 listings configuration
))
Package: listings 2023/02/27 1.9 (Carsten Heinz)

(/usr/share/texlive/texmf-dist/tex/latex/xcolor/xcolor.sty
Package: xcolor 2023/11/15 v3.01 LaTeX color extensions (UK)

(/usr/share/texlive/texmf-dist/tex/latex/graphics-cfg/color.cfg
File: color.cfg 2016/01/02 v1.6 sample color configuration
)
Package xcolor Info: Driver file: pdftex.def on input line 274.

(/usr/share/texlive/texmf-dist/tex/latex/graphics-def/pdftex.def
File: pdftex.def 2022/09/22 v1.2b Graphics/color driver for pdftex
)
(/usr/share/texlive/texmf-dist/tex/latex/graphics/mathcolor.ltx)
Package xcolor Info: Model `cmy' substituted by `cmy0' on input line 1350.
Package xcolor Info: Model `hsb' substituted by `rgb' on input line 1354.
Package xcolor Info: Model `RGB' extended on input line 1366.
Package xcolor Info: Model `HTML' substituted by `rgb' on input line 1368.
Package xcolor Info: Model `Hsb' substituted by `hsb' on input line 1369.
Package xcolor Info: Model `tHsb' substituted by `hsb' on input line 1370.
Package xcolor Info: Model `HSB' substituted by `hsb' on input line 1371.
Package xcolor Info: Model `Gray' substituted by `gray' on input line 1372.
Package xcolor Info: Model `wave' substituted by `hsb' on input line 1373.
)
(/usr/share/texlive/texmf-dist/tex/latex/inconsolata/inconsolata.sty
Package: inconsolata 2019/05/17 v1.12

`inconsolata-zi4' v1.12, 2019/05/17 Text macros for Inconsolata (msharpe)
(/usr/share/texlive/texmf-dist/tex/latex/base/textcomp.sty
Package: textcomp 2020/02/02 v2.0n Standard LaTeX package
)
(/usr/share/texlive/texmf-dist/tex/latex/xkeyval/xkeyval.sty
Package: xkeyval 2022/06/16 v2.9 package option processing (HA)

(/usr/share/texlive/texmf-dist/tex/generic/xkeyval/xkeyval.tex
(/usr/share/texlive/texmf-dist/tex/generic/xkeyval/xkvutils.tex
\XKV@toks=\toks19
\XKV@tempa@toks=\toks20
)
\XKV@depth=\count270
File: xkeyval.tex 2014/12/03 v2.7a key=value parser (HA)
))
\zifour@ocount=\count271
)
(/usr/share/texlive/texmf-dist/tex/latex/listings/lstlang1.sty
File: lstlang1.sty 2023/02/27 1.9 listings language file
)
(/usr/share/texlive/texmf-dist/tex/latex/geometry/geometry.sty
Package: geometry 2020/01/02 v5.9 Page Geometry

(/usr/share/texlive/texmf-dist/tex/generic/iftex/ifvtex.sty
Package: ifvtex 2019/10/25 v1.7 ifvtex legacy package. Use iftex instead.

(/usr/share/texlive/texmf-dist/tex/generic/iftex/iftex.sty
Package: iftex 2022/02/03 v1.0f TeX engine tests
))
\Gm@cnth=\count272
\Gm@cntv=\count273
\c@Gm@tempcnt=\count274
\Gm@bindingoffset=\dimen145
\Gm@wd@mp=\dimen146
\Gm@odd@mp=\dimen147
\Gm@even@mp=\dimen148
\Gm@layoutwidth=\dimen149
\Gm@layoutheight=\dimen150
\Gm@layouthoffset=\dimen151
\Gm@layoutvoffset=\dimen152
\Gm@dimlist=\toks21
)
(/usr/share/texlive/texmf-dist/tex/latex/base/fontenc.sty
Package: fontenc 2021/04/29 v2.0v Standard LaTeX package
)
(/usr/share/texlive/texmf-dist/tex/latex/base/inputenc.sty
Package: inputenc 2021/02/14 v1.3d Input encoding file
\inpenc@prehook=\toks22
\inpenc@posthook=\toks23
)
(/usr/share/texlive/texmf-dist/tex/generic/babel/babel.sty
Package: babel 2024/01/07 v24.1 The Babel package
\babel@savecnt=\count275
\U@D=\dimen153
\l@unhyphenated=\language89

(/usr/share/texlive/texmf-dist/tex/generic/babel/txtbabel.def)
\bbl@readstream=\read2
\bbl@dirlevel=\count276

(/usr/share/texlive/texmf-dist/tex/generic/babel-german/ngerman.ldf
Language: ngerman 2024/01/19 v2.14 German support for babel (post-1996 orthogra
phy)

(/usr/share/texlive/texmf-dist/tex/generic/babel-german/ngermanb.ldf
Language: ngermanb 2024/01/19 v2.14 German support for babel (post-1996 orthogr
aphy)
Package babel Info: Making " an active character on input line 122.
)))
(/usr/share/texlive/texmf-dist/tex/generic/babel/locale/de/babel-ngerman.tex
Package babel Info: Importing font and identification data for ngerman
(babel)             from babel-de.ini. Reported on input line 11.
)
(/usr/share/texlive/texmf-dist/tex/latex/hyperref/hyperref.sty
Package: hyperref 2024-01-20 v7.01h Hypertext links for LaTeX

(/usr/share/texlive/texmf-dist/tex/latex/kvsetkeys/kvsetkeys.sty
Package: kvsetkeys 2022-10-05 v1.19 Key value parser (HO)
)
(/usr/share/texlive/texmf-dist/tex/generic/kvdefinekeys/kvdefinekeys.sty
Package: kvdefinekeys 2019-12-19 v1.6 Define keys (HO)
)
(/usr/share/texlive/texmf-dist/tex/generic/pdfescape/pdfescape.sty
Package: pdfescape 2019/12/09 v1.15 Implements pdfTeX's escape features (HO)

(/usr/share/texlive/texmf-dist/tex/generic/ltxcmds/ltxcmds.sty
Package: ltxcmds 2023-12-04 v1.26 LaTeX kernel commands for general use (HO)
)
(/usr/share/texlive/texmf-dist/tex/generic/pdftexcmds/pdftexcmds.sty
Package: pdftexcmds 2020-06-27 v0.33 Utility functions of pdfTeX for LuaTeX (HO
)

(/usr/share/texlive/texmf-dist/tex/generic/infwarerr/infwarerr.sty
Package: infwarerr 2019/12/03 v1.5 Providing info/warning/error messages (HO)
)
Package pdftexcmds Info: \pdf@primitive is available.
Package pdftexcmds Info: \pdf@ifprimitive is available.
Package pdftexcmds Info: \pdfdraftmode found.
))
(/usr/share/texlive/texmf-dist/tex/latex/hycolor/hycolor.sty
Package: hycolor 2020-01-27 v1.10 Color options for hyperref/bookmark (HO)
)
(/usr/share/texlive/texmf-dist/tex/latex/auxhook/auxhook.sty
Package: auxhook 2019-12-17 v1.6 Hooks for auxiliary files (HO)
)
(/usr/share/texlive/texmf-dist/tex/latex/hyperref/nameref.sty
Package: nameref 2023-11-26 v2.56 Cross-referencing by name of section

(/usr/share/texlive/texmf-dist/tex/latex/refcount/refcount.sty
Package: refcount 2019/12/15 v3.6 Data extraction from label references (HO)
)
(/usr/share/texlive/texmf-dist/tex/generic/gettitlestring/gettitlestring.sty
Package: gettitlestring 2019/12/15 v1.6 Cleanup title references (HO)

(/usr/share/texlive/texmf-dist/tex/latex/kvoptions/kvoptions.sty
Package: kvoptions 2022-06-15 v3.15 Key value format for package options (HO)
))
\c@section@level=\count277
)
(/usr/share/texlive/texmf-dist/tex/latex/etoolbox/etoolbox.sty
Package: etoolbox 2020/10/05 v2.5k e-TeX tools for LaTeX (JAW)
\etb@tempcnta=\count278
)
\@linkdim=\dimen154
\Hy@linkcounter=\count279
\Hy@pagecounter=\count280

(/usr/share/texlive/texmf-dist/tex/latex/hyperref/pd1enc.def
File: pd1enc.def 2024-01-20 v7.01h Hyperref: PDFDocEncoding definition (HO)
Now handling font encoding PD1 ...
... no UTF-8 mapping file for font encoding PD1
)
(/usr/share/texlive/texmf-dist/tex/generic/intcalc/intcalc.sty
Package: intcalc 2019/12/15 v1.3 Expandable calculations with integers (HO)
)
\Hy@SavedSpaceFactor=\count281

(/usr/share/texlive/texmf-dist/tex/latex/hyperref/puenc.def
File: puenc.def 2024-01-20 v7.01h Hyperref: PDF Unicode definition (HO)
Now handling font encoding PU ...
... no UTF-8 mapping file for font encoding PU
)
Package hyperref Info: Hyper figures OFF on input line 4179.
Package hyperref Info: Link nesting OFF on input line 4184.
Package hyperref Info: Hyper index ON on input line 4187.
Package hyperref Info: Plain pages OFF on input line 4194.
Package hyperref Info: Backreferencing OFF on input line 4199.
Package hyperref Info: Implicit mode ON; LaTeX internals redefined.
Package hyperref Info: Bookmarks ON on input line 4446.
\c@Hy@tempcnt=\count282

(/usr/share/texlive/texmf-dist/tex/latex/url/url.sty
\Urlmuskip=\muskip16
Package: url 2013/09/16  ver 3.4  Verb mode for urls, etc.
)
LaTeX Info: Redefining \url on input line 4784.
\XeTeXLinkMargin=\dimen155

(/usr/share/texlive/texmf-dist/tex/generic/bitset/bitset.sty
Package: bitset 2019/12/09 v1.3 Handle bit-vector datatype (HO)

(/usr/share/texlive/texmf-dist/tex/generic/bigintcalc/bigintcalc.sty
Package: bigintcalc 2019/12/15 v1.5 Expandable calculations on big integers (HO
)
))
\Fld@menulength=\count283
\Field@Width=\dimen156
\Fld@charsize=\dimen157
Package hyperref Info: Hyper figures OFF on input line 6063.
Package hyperref Info: Link nesting OFF on input line 6068.
Package hyperref Info: Hyper index ON on input line 6071.
Package hyperref Info: backreferencing OFF on input line 6078.
Package hyperref Info: Link coloring OFF on input line 6083.
Package hyperref Info: Link coloring with OCG OFF on input line 6088.
Package hyperref Info: PDF/A mode OFF on input line 6093.

(/usr/share/texlive/texmf-dist/tex/latex/base/atbegshi-ltx.sty
Package: atbegshi-ltx 2021/01/10 v1.0c Emulation of the original atbegshi
package with kernel methods
)
\Hy@abspage=\count284
\c@Item=\count285
\c@Hfootnote=\count286
)
Package hyperref Info: Driver (autodetected): hpdftex.

(/usr/share/texlive/texmf-dist/tex/latex/hyperref/hpdftex.def
File: hpdftex.def 2024-01-20 v7.01h Hyperref driver for pdfTeX

(/usr/share/texlive/texmf-dist/tex/latex/base/atveryend-ltx.sty
Package: atveryend-ltx 2020/08/19 v1.0a Emulation of the original atveryend pac
kage
with kernel methods
)
\Fld@listcount=\count287
\c@bookmark@seq@number=\count288

(/usr/share/texlive/texmf-dist/tex/latex/rerunfilecheck/rerunfilecheck.sty
Package: rerunfilecheck 2022-07-10 v1.10 Rerun checks for auxiliary files (HO)

(/usr/share/texlive/texmf-dist/tex/generic/uniquecounter/uniquecounter.sty
Package: uniquecounter 2019/12/15 v1.4 Provide unlimited unique counter (HO)
)
Package uniquecounter Info: New unique counter `rerunfilecheck' on input line 2
85.
)
\Hy@SectionHShift=\skip50
)
(/usr/share/texlive/texmf-dist/tex/latex/tools/verbatim.sty
Package: verbatim 2023-11-06 v1.5v LaTeX2e package for verbatim enhancements
\every@verbatim=\toks24
\verbatim@line=\toks25
\verbatim@in@stream=\read3
)
(/usr/share/texlive/texmf-dist/tex/latex/graphics/graphicx.sty
Package: graphicx 2021/09/16 v1.2d Enhanced LaTeX Graphics (DPC,SPQR)

(/usr/share/texlive/texmf-dist/tex/latex/graphics/graphics.sty
Package: graphics 2022/03/10 v1.4e Standard LaTeX Graphics (DPC,SPQR)

(/usr/share/texlive/texmf-dist/tex/latex/graphics/trig.sty
Package: trig 2021/08/11 v1.11 sin cos tan (DPC)
)
(/usr/share/texlive/texmf-dist/tex/latex/graphics-cfg/graphics.cfg
File: graphics.cfg 2016/06/04 v1.11 sample graphics configuration
)
Package graphics Info: Driver file: pdftex.def on input line 107.
)
\Gin@req@height=\dimen158
\Gin@req@width=\dimen159
)
(/usr/share/texlive/texmf-dist/tex/latex/float/float.sty
Package: float 2001/11/08 v1.3d Float enhancements (AL)
\c@float@type=\count289
\float@exts=\toks26
\float@box=\box53
\@float@everytoks=\toks27
\@floatcapt=\box54
)
(/usr/share/texlive/texmf-dist/tex/latex/pdfpages/pdfpages.sty
Package: pdfpages 2024/01/21 v0.5y Insert pages of external PDF documents (AM)

(/usr/share/texlive/texmf-dist/tex/latex/base/ifthen.sty
Package: ifthen 2022/04/13 v1.1d Standard LaTeX ifthen package (DPC)
)
(/usr/share/texlive/texmf-dist/tex/latex/tools/calc.sty
Package: calc 2023/07/08 v4.3 Infix arithmetic (KKT,FJ)
\calc@Acount=\count290
\calc@Bcount=\count291
\calc@Adimen=\dimen160
\calc@Bdimen=\dimen161
\calc@Askip=\skip51
\calc@Bskip=\skip52
LaTeX Info: Redefining \setlength on input line 80.
LaTeX Info: Redefining \addtolength on input line 81.
\calc@Ccount=\count292
\calc@Cskip=\skip53
)
(/usr/share/texlive/texmf-dist/tex/latex/eso-pic/eso-pic.sty
Package: eso-pic 2023/05/03 v3.0c eso-pic (RN)
\ESO@tempdima=\dimen162
\ESO@tempdimb=\dimen163
)
\AM@pagewidth=\dimen164
\AM@pageheight=\dimen165
\AM@fboxrule=\dimen166

(/usr/share/texlive/texmf-dist/tex/latex/pdfpages/pppdftex.def
File: pppdftex.def 2024/01/21 v0.5y Pdfpages driver for pdfTeX (AM)
)
\pdfpages@includegraphics@status=\count293
\AM@pagebox=\box55
\AM@global@opts=\toks28
\AM@pagecnt=\count294
\AM@toc@title=\toks29
\AM@lof@heading=\toks30
\c@AM@survey=\count295
\AM@templatesizebox=\box56
)
(/usr/share/texlive/texmf-dist/tex/latex/caption/caption.sty
Package: caption 2023/08/05 v3.6o Customizing captions (AR)

(/usr/share/texlive/texmf-dist/tex/latex/caption/caption3.sty
Package: caption3 2023/07/31 v2.4d caption3 kernel (AR)
\caption@tempdima=\dimen167
\captionmargin=\dimen168
\caption@leftmargin=\dimen169
\caption@rightmargin=\dimen170
\caption@width=\dimen171
\caption@indent=\dimen172
\caption@parindent=\dimen173
\caption@hangindent=\dimen174
Package caption Info: Standard document class detected.
)
\c@caption@flags=\count296
\c@continuedfloat=\count297
Package caption Info: float package is loaded.
Package caption Info: hyperref package is loaded.
Package caption Info: listings package is loaded.
)
(/usr/share/texlive/texmf-dist/tex/latex/titlesec/titlesec.sty
Package: titlesec 2023/10/27 v2.16 Sectioning titles
\ttl@box=\box57
\beforetitleunit=\skip54
\aftertitleunit=\skip55
\ttl@plus=\dimen175
\ttl@minus=\dimen176
\ttl@toksa=\toks31
\titlewidth=\dimen177
\titlewidthlast=\dimen178
\titlewidthfirst=\dimen179
)
(/usr/share/texlive/texmf-dist/tex/latex/tocbibind/tocbibind.sty
Package: tocbibind 2010/10/13 v1.5k extra ToC listings
Package tocbibind Info: The document has chapter divisions on input line 50.


Package tocbibind Note: Using chapter style headings, unless overridden.

) (/usr/share/texlive/texmf-dist/tex/latex/tools/longtable.sty
Package: longtable 2023-11-01 v4.19 Multi-page Table package (DPC)
\LTleft=\skip56
\LTright=\skip57
\LTpre=\skip58
\LTpost=\skip59
\LTchunksize=\count298
\LTcapwidth=\dimen180
\LT@head=\box58
\LT@firsthead=\box59
\LT@foot=\box60
\LT@lastfoot=\box61
\LT@gbox=\box62
\LT@cols=\count299
\LT@rows=\count300
\c@LT@tables=\count301
\c@LT@chunks=\count302
\LT@p@ftn=\toks32
)
(/usr/share/texlive/texmf-dist/tex/latex/tocloft/tocloft.sty
Package: tocloft 2017/08/31 v2.3i parameterised ToC, etc., typesetting
Package tocloft Info: The document has chapter divisions on input line 51.
\cftparskip=\skip60
\cftbeforetoctitleskip=\skip61
\cftaftertoctitleskip=\skip62
\cftbeforepartskip=\skip63
\cftpartnumwidth=\skip64
\cftpartindent=\skip65
\cftbeforechapskip=\skip66
\cftchapindent=\skip67
\cftchapnumwidth=\skip68
\cftbeforesecskip=\skip69
\cftsecindent=\skip70
\cftsecnumwidth=\skip71
\cftbeforesubsecskip=\skip72
\cftsubsecindent=\skip73
\cftsubsecnumwidth=\skip74
\cftbeforesubsubsecskip=\skip75
\cftsubsubsecindent=\skip76
\cftsubsubsecnumwidth=\skip77
\cftbeforeparaskip=\skip78
\cftparaindent=\skip79
\cftparanumwidth=\skip80
\cftbeforesubparaskip=\skip81
\cftsubparaindent=\skip82
\cftsubparanumwidth=\skip83
\cftbeforeloftitleskip=\skip84
\cftafterloftitleskip=\skip85
\cftbeforefigskip=\skip86
\cftfigindent=\skip87
\cftfignumwidth=\skip88
\c@lofdepth=\count303
\c@lotdepth=\count304
\cftbeforelottitleskip=\skip89
\cftafterlottitleskip=\skip90
\cftbeforetabskip=\skip91
\cfttabindent=\skip92
\cfttabnumwidth=\skip93
)
(/usr/share/texlive/texmf-dist/tex/latex/fancyhdr/fancyhdr.sty
Package: fancyhdr 2022/11/09 v4.1 Extensive control of page headers and footers

\f@nch@headwidth=\skip94
\f@nch@O@elh=\skip95
\f@nch@O@erh=\skip96
\f@nch@O@olh=\skip97
\f@nch@O@orh=\skip98
\f@nch@O@elf=\skip99
\f@nch@O@erf=\skip100
\f@nch@O@olf=\skip101
\f@nch@O@orf=\skip102
)
(/usr/share/texlive/texmf-dist/tex/latex/lastpage/lastpage.sty
Package: lastpage 2023/10/14 v2.0e lastpage: 2.09 or 2e? (HMM)

(/usr/share/texlive/texmf-dist/tex/latex/lastpage/lastpage2e.sty
Package: lastpage2e 2023/10/14 v2.0e Decide which 2e lastpage version to use (H
MM)

(/usr/share/texlive/texmf-dist/tex/latex/lastpage/lastpagemodern.sty
Package: lastpagemodern 2023-10-14 v2.0e Refers to last page's name (HMM; JPG)
\c@lastpagecount=\count305
) 
)) (/usr/share/texlive/texmf-dist/tex/latex/psnfss/pifont.sty
Package: pifont 2020/03/25 PSNFSS-v9.3 Pi font support (SPQR) 
LaTeX Font Info:    Trying to load font information for U+pzd on input line 63.


(/usr/share/texlive/texmf-dist/tex/latex/psnfss/upzd.fd
File: upzd.fd 2001/06/04 font definitions for U/pzd.
)
LaTeX Font Info:    Trying to load font information for U+psy on input line 64.


(/usr/share/texlive/texmf-dist/tex/latex/psnfss/upsy.fd
File: upsy.fd 2001/06/04 font definitions for U/psy.
))
(/usr/share/texlive/texmf-dist/tex/latex/amsmath/amsmath.sty
Package: amsmath 2023/05/13 v2.17o AMS math features
\@mathmargin=\skip103

For additional information on amsmath, use the `?' option.
(/usr/share/texlive/texmf-dist/tex/latex/amsmath/amstext.sty
Package: amstext 2021/08/26 v2.01 AMS text

(/usr/share/texlive/texmf-dist/tex/latex/amsmath/amsgen.sty
File: amsgen.sty 1999/11/30 v2.0 generic functions
\@emptytoks=\toks33
\ex@=\dimen181
))
(/usr/share/texlive/texmf-dist/tex/latex/amsmath/amsbsy.sty
Package: amsbsy 1999/11/29 v1.2d Bold Symbols
\pmbraise@=\dimen182
)
(/usr/share/texlive/texmf-dist/tex/latex/amsmath/amsopn.sty
Package: amsopn 2022/04/08 v2.04 operator names
)
\inf@bad=\count306
LaTeX Info: Redefining \frac on input line 234.
\uproot@=\count307
\leftroot@=\count308
LaTeX Info: Redefining \overline on input line 399.
LaTeX Info: Redefining \colon on input line 410.
\classnum@=\count309
\DOTSCASE@=\count310
LaTeX Info: Redefining \ldots on input line 496.
LaTeX Info: Redefining \dots on input line 499.
LaTeX Info: Redefining \cdots on input line 620.
\Mathstrutbox@=\box63
\strutbox@=\box64
LaTeX Info: Redefining \big on input line 722.
LaTeX Info: Redefining \Big on input line 723.
LaTeX Info: Redefining \bigg on input line 724.
LaTeX Info: Redefining \Bigg on input line 725.
\big@size=\dimen183
LaTeX Font Info:    Redeclaring font encoding OML on input line 743.
LaTeX Font Info:    Redeclaring font encoding OMS on input line 744.
\macc@depth=\count311
LaTeX Info: Redefining \bmod on input line 905.
LaTeX Info: Redefining \pmod on input line 910.
LaTeX Info: Redefining \smash on input line 940.
LaTeX Info: Redefining \relbar on input line 970.
LaTeX Info: Redefining \Relbar on input line 971.
\c@MaxMatrixCols=\count312
\dotsspace@=\muskip17
\c@parentequation=\count313
\dspbrk@lvl=\count314
\tag@help=\toks34
\row@=\count315
\column@=\count316
\maxfields@=\count317
\andhelp@=\toks35
\eqnshift@=\dimen184
\alignsep@=\dimen185
\tagshift@=\dimen186
\tagwidth@=\dimen187
\totwidth@=\dimen188
\lineht@=\dimen189
\@envbody=\toks36
\multlinegap=\skip104
\multlinetaggap=\skip105
\mathdisplay@stack=\toks37
LaTeX Info: Redefining \[ on input line 2953.
LaTeX Info: Redefining \] on input line 2954.
)
(/usr/share/texlive/texmf-dist/tex/latex/glossaries-extra/glossaries-extra.sty
Package: glossaries-extra 2023/09/29 v1.53 (NLCT)

(/usr/share/texlive/texmf-dist/tex/latex/glossaries/base/glossaries.sty
Package: glossaries 2023/09/29 v4.53 (NLCT)

(/usr/share/texlive/texmf-dist/tex/latex/mfirstuc/mfirstuc.sty
Package: mfirstuc 2022/10/14 v2.08 (NLCT)
\@glsmfirst=\toks38
\@glsmrest=\toks39
)
(/usr/share/texlive/texmf-dist/tex/latex/xfor/xfor.sty
Package: xfor 2009/02/05 v1.05 (NLCT)
)
(/usr/share/texlive/texmf-dist/tex/latex/datatool/datatool-base.sty
Package: datatool-base 2019/09/27 v2.32 (NLCT)

(/usr/share/texlive/texmf-dist/tex/latex/substr/substr.sty
Package: substr 2009/10/20 v1.2 Handle substrings
\c@su@anzahl=\count318
)
(/usr/share/texlive/texmf-dist/tex/latex/datatool/datatool-fp.sty
Package: datatool-fp 2019/09/27 v2.32 (NLCT)

(/usr/share/texlive/texmf-dist/tex/latex/fp/fp.sty
Package: fp 1995/04/02

`Fixed Point Package', Version 0.8, April 2, 1995 (C) Michael Mehlich
(/usr/share/texlive/texmf-dist/tex/latex/fp/defpattern.sty
Package: defpattern 1994/10/12
\actioncount=\count319
)
(/usr/share/texlive/texmf-dist/tex/latex/fp/fp-basic.sty
Package: fp-basic 1996/05/13
\FP@xs=\count320
\FP@xia=\count321
\FP@xib=\count322
\FP@xfa=\count323
\FP@xfb=\count324
\FP@rega=\count325
\FP@regb=\count326
\FP@regs=\count327
\FP@times=\count328
)
(/usr/share/texlive/texmf-dist/tex/latex/fp/fp-addons.sty
Package: fp-addons 1995/03/15
)
(/usr/share/texlive/texmf-dist/tex/latex/fp/fp-snap.sty
Package: fp-snap 1995/04/05
)
(/usr/share/texlive/texmf-dist/tex/latex/fp/fp-exp.sty
Package: fp-exp 1995/04/03
)
(/usr/share/texlive/texmf-dist/tex/latex/fp/fp-trigo.sty
Package: fp-trigo 1995/04/14
)
(/usr/share/texlive/texmf-dist/tex/latex/fp/fp-pas.sty
Package: fp-pas 1994/08/29
)
(/usr/share/texlive/texmf-dist/tex/latex/fp/fp-random.sty
Package: fp-random 1995/02/23
\FPseed=\count329
)
(/usr/share/texlive/texmf-dist/tex/latex/fp/fp-eqn.sty
Package: fp-eqn 1995/04/03
)
(/usr/share/texlive/texmf-dist/tex/latex/fp/fp-upn.sty
Package: fp-upn 1996/10/21
)
(/usr/share/texlive/texmf-dist/tex/latex/fp/fp-eval.sty
Package: fp-eval 1995/04/03
)))
\@dtl@toks=\toks40
\@dtl@tmpcount=\count330
\dtl@tmplength=\skip106
\dtl@sortresult=\count331
\@dtl@numgrpsepcount=\count332
\@dtl@datatype=\count333
\dtl@codeA=\count334
\dtl@codeB=\count335
\@dtl@foreach@level=\count336
)
(/usr/share/texlive/texmf-dist/tex/latex/tracklang/tracklang.sty
Package: tracklang 2022/12/13 v1.6.1 (NLCT) Track Languages

(/usr/share/texlive/texmf-dist/tex/generic/tracklang/tracklang.tex))
(/usr/share/texlive/texmf-dist/tex/latex/glossaries-german/glossaries-german.ld
f
File: glossaries-german.ldf 2014/11/23 v1.0
)
\gls@level=\count337
\@gls@tmpb=\toks41
\gls@tmplen=\skip107
\glskeylisttok=\toks42
\glslabeltok=\toks43
\glsshorttok=\toks44
\glslongtok=\toks45

(/usr/share/texlive/texmf-dist/tex/latex/glossaries/styles/glossary-hypernav.st
y
Package: glossary-hypernav 2023/09/29 v4.53 (NLCT)
) (/usr/share/texlive/texmf-dist/tex/latex/glossaries/styles/glossary-list.sty
Package: glossary-list 2023/09/29 v4.53 (NLCT)
\glslistdottedwidth=\skip108
) (/usr/share/texlive/texmf-dist/tex/latex/glossaries/styles/glossary-long.sty
Package: glossary-long 2023/09/29 v4.53 (NLCT)
\glsdescwidth=\skip109
\glspagelistwidth=\skip110
) (/usr/share/texlive/texmf-dist/tex/latex/glossaries/styles/glossary-super.sty
Package: glossary-super 2023/09/29 v4.53 (NLCT)

(/usr/share/texlive/texmf-dist/tex/latex/supertabular/supertabular.sty
Package: supertabular 2020/02/02 v4.1g the supertabular environment
\c@tracingst=\count338
\ST@wd=\dimen190
\ST@rightskip=\skip111
\ST@leftskip=\skip112
\ST@parfillskip=\skip113
\ST@pageleft=\dimen191
\ST@headht=\dimen192
\ST@tailht=\dimen193
\ST@pagesofar=\dimen194
\ST@pboxht=\dimen195
\ST@lineht=\dimen196
\ST@prevht=\dimen197
\ST@toadd=\dimen198
\ST@dimen=\dimen199
\ST@pbox=\box65
))
(/usr/share/texlive/texmf-dist/tex/latex/glossaries/styles/glossary-tree.sty
Package: glossary-tree 2023/09/29 v4.53 (NLCT)
\glstreeindent=\skip114
))
\@glsxtr@leveloffset=\count339
\glsxtrresourcecount=\count340
\@glsxtrnewgls@inner=\count341
\glsshortpltok=\toks46
\glslongpltok=\toks47

(/usr/share/texlive/texmf-dist/tex/latex/glossaries-extra/glossaries-extra-abbr
styles.def
File: glossaries-extra-abbrstyles.def 2023/06/28 v1.52 (NLCT)
)
\mglselementindex=\count342
) (/usr/share/texlive/texmf-dist/tex/latex/wasysym/wasysym.sty
Package: wasysym 2020/01/19 v2.4 Wasy-2 symbol support package
\symwasy=\mathgroup4
LaTeX Font Info:    Overwriting symbol font `wasy' in version `bold'
(Font)                  U/wasy/m/n --> U/wasy/b/n on input line 93.
)
(/usr/share/texlive/texmf-dist/tex/latex/koma-script/typearea.sty
Package: typearea 2023/07/07 v3.41 KOMA-Script package (type area)

(/usr/share/texlive/texmf-dist/tex/latex/koma-script/scrkbase.sty
Package: scrkbase 2023/07/07 v3.41 KOMA-Script package (KOMA-Script-dependent b
asics and keyval usage)

(/usr/share/texlive/texmf-dist/tex/latex/koma-script/scrbase.sty
Package: scrbase 2023/07/07 v3.41 KOMA-Script package (KOMA-Script-independent 
basics and keyval usage)

(/usr/share/texlive/texmf-dist/tex/latex/koma-script/scrlfile.sty
Package: scrlfile 2023/07/07 v3.41 KOMA-Script package (file load hooks)

(/usr/share/texlive/texmf-dist/tex/latex/koma-script/scrlfile-hook.sty
Package: scrlfile-hook 2023/07/07 v3.41 KOMA-Script package (using LaTeX hooks)


(/usr/share/texlive/texmf-dist/tex/latex/koma-script/scrlogo.sty
Package: scrlogo 2023/07/07 v3.41 KOMA-Script package (logo)
)))
Applying: [2021/05/01] Usage of raw or classic option list on input line 252.
Already applied: [0000/00/00] Usage of raw or classic option list on input line
 368.
))
\ta@bcor=\skip115
\ta@div=\count343
Package typearea Info: You've used standard option `a4paper'.
(typearea)             This is correct!
(typearea)             Internally I'm using `paper=a4'.
(typearea)             If you'd like to set the option with \KOMAoptions,
(typearea)             you'd have to use `paper=a4' there
(typearea)             instead of `a4paper', too.
\ta@hblk=\skip116
\ta@vblk=\skip117
\ta@temp=\skip118
\footheight=\skip119
Package typearea Info: These are the values describing the layout:
(typearea)             DIV  = 10
(typearea)             BCOR = 0.0pt
(typearea)             \paperwidth      = 597.50793pt
(typearea)              \textwidth      = 418.25555pt
(typearea)              DIV departure   = -7%
(typearea)              \evensidemargin = 17.3562pt
(typearea)              \oddsidemargin  = 17.3562pt
(typearea)             \paperheight     = 845.04694pt
(typearea)              \textheight     = 595.80026pt
(typearea)              \topmargin      = -25.16531pt
(typearea)              \headheight     = 17.0pt
(typearea)              \headsep        = 20.40001pt
(typearea)              \topskip        = 11.0pt
(typearea)              \footskip       = 47.6pt
(typearea)              \baselineskip   = 13.6pt
(typearea)              on input line 1799.
)
(/usr/share/texlive/texmf-dist/tex/latex/pdflscape/pdflscape.sty
Package: pdflscape 2022-10-27 v0.13 Display of landscape pages in PDF

(/usr/share/texlive/texmf-dist/tex/latex/pdflscape/pdflscape-nometadata.sty
Package: pdflscape-nometadata 2022-10-28 v0.13 Display of landscape pages in PD
F (HO)

(/usr/share/texlive/texmf-dist/tex/latex/graphics/lscape.sty
Package: lscape 2020/05/28 v3.02 Landscape Pages (DPC)
)
Package pdflscape Info: Auto-detected driver: pdftex on input line 81.
))
(/usr/share/texlive/texmf-dist/tex/latex/amsfonts/amssymb.sty
Package: amssymb 2013/01/14 v3.01 AMS font symbols

(/usr/share/texlive/texmf-dist/tex/latex/amsfonts/amsfonts.sty
Package: amsfonts 2013/01/14 v3.01 Basic AMSFonts support
\symAMSa=\mathgroup5
\symAMSb=\mathgroup6
LaTeX Font Info:    Redeclaring math symbol \hbar on input line 98.
LaTeX Font Info:    Overwriting math alphabet `\mathfrak' in version `bold'
(Font)                  U/euf/m/n --> U/euf/b/n on input line 106.
))
(/usr/share/texlive/texmf-dist/tex/latex/csquotes/csquotes.sty
Package: csquotes 2022-09-14 v5.2n context-sensitive quotations (JAW)
\csq@reset=\count344
\csq@gtype=\count345
\csq@glevel=\count346
\csq@qlevel=\count347
\csq@maxlvl=\count348
\csq@tshold=\count349
\csq@ltx@everypar=\toks48

(/usr/share/texlive/texmf-dist/tex/latex/csquotes/csquotes.def
File: csquotes.def 2022-09-14 v5.2n csquotes generic definitions (JAW)
)
Package csquotes Info: Trying to load configuration file 'csquotes.cfg'...
Package csquotes Info: ... configuration file loaded successfully.

(/usr/share/texlive/texmf-dist/tex/latex/csquotes/csquotes.cfg
File: csquotes.cfg 
))
(/usr/share/texlive/texmf-dist/tex/latex/biblatex/biblatex.sty
Package: biblatex 2023/03/05 v3.19 programmable bibliographies (PK/MW)

(/usr/share/texlive/texmf-dist/tex/latex/logreq/logreq.sty
Package: logreq 2010/08/04 v1.0 xml request logger
\lrq@indent=\count350

(/usr/share/texlive/texmf-dist/tex/latex/logreq/logreq.def
File: logreq.def 2010/08/04 v1.0 logreq spec v1.0
))
\c@tabx@nest=\count351
\c@listtotal=\count352
\c@listcount=\count353
\c@liststart=\count354
\c@liststop=\count355
\c@citecount=\count356
\c@citetotal=\count357
\c@multicitecount=\count358
\c@multicitetotal=\count359
\c@instcount=\count360
\c@maxnames=\count361
\c@minnames=\count362
\c@maxitems=\count363
\c@minitems=\count364
\c@citecounter=\count365
\c@maxcitecounter=\count366
\c@savedcitecounter=\count367
\c@uniquelist=\count368
\c@uniquename=\count369
\c@refsection=\count370
\c@refsegment=\count371
\c@maxextratitle=\count372
\c@maxextratitleyear=\count373
\c@maxextraname=\count374
\c@maxextradate=\count375
\c@maxextraalpha=\count376
\c@abbrvpenalty=\count377
\c@highnamepenalty=\count378
\c@lownamepenalty=\count379
\c@maxparens=\count380
\c@parenlevel=\count381
\blx@tempcnta=\count382
\blx@tempcntb=\count383
\blx@tempcntc=\count384
\c@blx@maxsection=\count385
\blx@maxsegment@0=\count386
\blx@notetype=\count387
\blx@parenlevel@text=\count388
\blx@parenlevel@foot=\count389
\blx@sectionciteorder@0=\count390
\blx@sectionciteorderinternal@0=\count391
\blx@entrysetcounter=\count392
\blx@biblioinstance=\count393
\labelnumberwidth=\skip120
\labelalphawidth=\skip121
\biblabelsep=\skip122
\bibitemsep=\skip123
\bibnamesep=\skip124
\bibinitsep=\skip125
\bibparsep=\skip126
\bibhang=\skip127
\blx@bcfin=\read4
\blx@bcfout=\write3
\blx@langwohyphens=\language90
\c@mincomprange=\count394
\c@maxcomprange=\count395
\c@mincompwidth=\count396
Package biblatex Info: Trying to load biblatex default data model...
Package biblatex Info: ... file 'blx-dm.def' found.

(/usr/share/texlive/texmf-dist/tex/latex/biblatex/blx-dm.def
File: blx-dm.def 2023/03/05 v3.19 biblatex localization (PK/MW)
)
Package biblatex Info: Trying to load biblatex style data model...
Package biblatex Info: ... file 'numeric.dbx' not found.
Package biblatex Info: Trying to load biblatex custom data model...
Package biblatex Info: ... file 'biblatex-dm.cfg' not found.
\c@afterword=\count397
\c@savedafterword=\count398
\c@annotator=\count399
\c@savedannotator=\count400
\c@author=\count401
\c@savedauthor=\count402
\c@bookauthor=\count403
\c@savedbookauthor=\count404
\c@commentator=\count405
\c@savedcommentator=\count406
\c@editor=\count407
\c@savededitor=\count408
\c@editora=\count409
\c@savededitora=\count410
\c@editorb=\count411
\c@savededitorb=\count412
\c@editorc=\count413
\c@savededitorc=\count414
\c@foreword=\count415
\c@savedforeword=\count416
\c@holder=\count417
\c@savedholder=\count418
\c@introduction=\count419
\c@savedintroduction=\count420
\c@namea=\count421
\c@savednamea=\count422
\c@nameb=\count423
\c@savednameb=\count424
\c@namec=\count425
\c@savednamec=\count426
\c@translator=\count427
\c@savedtranslator=\count428
\c@shortauthor=\count429
\c@savedshortauthor=\count430
\c@shorteditor=\count431
\c@savedshorteditor=\count432
\c@labelname=\count433
\c@savedlabelname=\count434
\c@institution=\count435
\c@savedinstitution=\count436
\c@lista=\count437
\c@savedlista=\count438
\c@listb=\count439
\c@savedlistb=\count440
\c@listc=\count441
\c@savedlistc=\count442
\c@listd=\count443
\c@savedlistd=\count444
\c@liste=\count445
\c@savedliste=\count446
\c@listf=\count447
\c@savedlistf=\count448
\c@location=\count449
\c@savedlocation=\count450
\c@organization=\count451
\c@savedorganization=\count452
\c@origlocation=\count453
\c@savedoriglocation=\count454
\c@origpublisher=\count455
\c@savedorigpublisher=\count456
\c@publisher=\count457
\c@savedpublisher=\count458
\c@language=\count459
\c@savedlanguage=\count460
\c@origlanguage=\count461
\c@savedoriglanguage=\count462
\c@pageref=\count463
\c@savedpageref=\count464
\shorthandwidth=\skip128
\shortjournalwidth=\skip129
\shortserieswidth=\skip130
\shorttitlewidth=\skip131
\shortauthorwidth=\skip132
\shorteditorwidth=\skip133
\locallabelnumberwidth=\skip134
\locallabelalphawidth=\skip135
\localshorthandwidth=\skip136
\localshortjournalwidth=\skip137
\localshortserieswidth=\skip138
\localshorttitlewidth=\skip139
\localshortauthorwidth=\skip140
\localshorteditorwidth=\skip141
Package biblatex Info: Trying to load compatibility code...
Package biblatex Info: ... file 'blx-compat.def' found.

(/usr/share/texlive/texmf-dist/tex/latex/biblatex/blx-compat.def
File: blx-compat.def 2023/03/05 v3.19 biblatex compatibility (PK/MW)
)
Package biblatex Info: Trying to load generic definitions...
Package biblatex Info: ... file 'biblatex.def' found.

(/usr/share/texlive/texmf-dist/tex/latex/biblatex/biblatex.def
File: biblatex.def 2023/03/05 v3.19 biblatex compatibility (PK/MW)
\c@textcitecount=\count465
\c@textcitetotal=\count466
\c@textcitemaxnames=\count467
\c@biburlbigbreakpenalty=\count468
\c@biburlbreakpenalty=\count469
\c@biburlnumpenalty=\count470
\c@biburlucpenalty=\count471
\c@biburllcpenalty=\count472
\biburlbigskip=\muskip18
\biburlnumskip=\muskip19
\biburlucskip=\muskip20
\biburllcskip=\muskip21
\c@smartand=\count473
)
Package biblatex Info: Trying to load bibliography style 'numeric'...
Package biblatex Info: ... file 'numeric.bbx' found.

(/usr/share/texlive/texmf-dist/tex/latex/biblatex/bbx/numeric.bbx
File: numeric.bbx 2023/03/05 v3.19 biblatex bibliography style (PK/MW)
Package biblatex Info: Trying to load bibliography style 'standard'...
Package biblatex Info: ... file 'standard.bbx' found.

(/usr/share/texlive/texmf-dist/tex/latex/biblatex/bbx/standard.bbx
File: standard.bbx 2023/03/05 v3.19 biblatex bibliography style (PK/MW)
\c@bbx:relatedcount=\count474
\c@bbx:relatedtotal=\count475
))
Package biblatex Info: Trying to load citation style 'numeric'...
Package biblatex Info: ... file 'numeric.cbx' found.

(/usr/share/texlive/texmf-dist/tex/latex/biblatex/cbx/numeric.cbx
File: numeric.cbx 2023/03/05 v3.19 biblatex citation style (PK/MW)
Package biblatex Info: Redefining '\cite'.
Package biblatex Info: Redefining '\parencite'.
Package biblatex Info: Redefining '\footcite'.
Package biblatex Info: Redefining '\footcitetext'.
Package biblatex Info: Redefining '\smartcite'.
Package biblatex Info: Redefining '\supercite'.
Package biblatex Info: Redefining '\textcite'.
Package biblatex Info: Redefining '\textcites'.
Package biblatex Info: Redefining '\cites'.
Package biblatex Info: Redefining '\parencites'.
Package biblatex Info: Redefining '\smartcites'.
)
Package biblatex Info: Trying to load configuration file...
Package biblatex Info: ... file 'biblatex.cfg' found.

(/usr/share/texlive/texmf-dist/tex/latex/biblatex/biblatex.cfg
File: biblatex.cfg 
)
Package biblatex Info: Input encoding 'utf8' detected.
Package biblatex Info: Document encoding is UTF8 ....

(/usr/share/texlive/texmf-dist/tex/latex/l3kernel/expl3.sty
Package: expl3 2024-01-22 L3 programming layer (loader) 

(/usr/share/texlive/texmf-dist/tex/latex/l3backend/l3backend-pdftex.def
File: l3backend-pdftex.def 2024-01-04 L3 backend support: PDF output (pdfTeX)
\l__color_backend_stack_int=\count476
\l__pdf_internal_box=\box66
))
Package biblatex Info: ... and expl3
(biblatex)             2024-01-22 L3 programming layer (loader) 
(biblatex)             is new enough (at least 2020/04/06),
(biblatex)             setting 'casechanger=expl3'.

(/usr/share/texlive/texmf-dist/tex/latex/biblatex/blx-case-expl3.sty
(/usr/share/texlive/texmf-dist/tex/latex/l3packages/xparse/xparse.sty
Package: xparse 2023-10-10 L3 Experimental document command parser
)
Package: blx-case-expl3 2023/03/05 v3.19 expl3 case changing code for biblatex
))
runsystem(makeindex -s main.ist -t main.glg -o main.gls main.glo)...executed sa
fely (allowed).

\glswrite=\write4
\glo@main@file=\write5
\openout5 = `main.glo'.

Package glossaries Info: Writing glossary file main.glo on input line 112.

(./global/glossar_eintraege.tex)
Package csquotes Info: Checking for multilingual support...
Package csquotes Info: ... found 'babel' package.
Package csquotes Info: Adjusting default style.
Package csquotes Info: Redefining alias 'default' -> 'ngerman'.
 (./main.aux)
\openout1 = `main.aux'.

LaTeX Font Info:    Checking defaults for OML/cmm/m/it on input line 131.
LaTeX Font Info:    ... okay on input line 131.
LaTeX Font Info:    Checking defaults for OMS/cmsy/m/n on input line 131.
LaTeX Font Info:    ... okay on input line 131.
LaTeX Font Info:    Checking defaults for OT1/cmr/m/n on input line 131.
LaTeX Font Info:    ... okay on input line 131.
LaTeX Font Info:    Checking defaults for T1/cmr/m/n on input line 131.
LaTeX Font Info:    ... okay on input line 131.
LaTeX Font Info:    Checking defaults for TS1/cmr/m/n on input line 131.
LaTeX Font Info:    ... okay on input line 131.
LaTeX Font Info:    Checking defaults for OMX/cmex/m/n on input line 131.
LaTeX Font Info:    ... okay on input line 131.
LaTeX Font Info:    Checking defaults for U/cmr/m/n on input line 131.
LaTeX Font Info:    ... okay on input line 131.
LaTeX Font Info:    Checking defaults for PD1/pdf/m/n on input line 131.
LaTeX Font Info:    ... okay on input line 131.
LaTeX Font Info:    Checking defaults for PU/pdf/m/n on input line 131.
LaTeX Font Info:    ... okay on input line 131.
\c@lstlisting=\count477

(/usr/share/texlive/texmf-dist/tex/context/base/mkii/supp-pdf.mkii
[Loading MPS to PDF converter (version 2006.09.02).]
\scratchcounter=\count478
\scratchdimen=\dimen256
\scratchbox=\box67
\nofMPsegments=\count479
\nofMParguments=\count480
\everyMPshowfont=\toks49
\MPscratchCnt=\count481
\MPscratchDim=\dimen257
\MPnumerator=\count482
\makeMPintoPDFobject=\count483
\everyMPtoPDFconversion=\toks50
) (/usr/share/texlive/texmf-dist/tex/latex/epstopdf-pkg/epstopdf-base.sty
Package: epstopdf-base 2020-01-24 v2.11 Base part for package epstopdf
Package epstopdf-base Info: Redefining graphics rule for `.eps' on input line 4
85.

(/usr/share/texlive/texmf-dist/tex/latex/latexconfig/epstopdf-sys.cfg
File: epstopdf-sys.cfg 2010/07/13 v1.3 Configuration of (r)epstopdf for TeX Liv
e
))
(/usr/share/texlive/texmf-dist/tex/latex/upquote/upquote.sty
Package: upquote 2012/04/19 v1.3 upright-quote and grave-accent glyphs in verba
tim
)
*geometry* driver: auto-detecting
*geometry* detected driver: pdftex
*geometry* verbose mode - [ preamble ] result:
* driver: pdftex
* paper: a4paper
* layout: <same size as paper>
* layoutoffset:(h,v)=(0.0pt,0.0pt)
* modes: 
* h-part:(L,W,R)=(101.17755pt, 395.15277pt, 101.17755pt)
* v-part:(T,H,B)=(101.17755pt, 642.69174pt, 101.17755pt)
* \paperwidth=597.50793pt
* \paperheight=845.04694pt
* \textwidth=418.25555pt
* \textheight=595.80026pt
* \oddsidemargin=17.3562pt
* \evensidemargin=17.3562pt
* \topmargin=-25.16531pt
* \headheight=17.0pt
* \headsep=20.40001pt
* \topskip=11.0pt
* \footskip=47.6pt
* \marginparwidth=59.7508pt
* \marginparsep=12.8401pt
* \columnsep=10.0pt
* \skip\footins=10.0pt plus 4.0pt minus 2.0pt
* \hoffset=0.0pt
* \voffset=0.0pt
* \mag=1000
* \@twocolumnfalse
* \@twosidefalse
* \@mparswitchfalse
* \@reversemarginfalse
* (1in=72.27pt=25.4mm, 1cm=28.453pt)

Package hyperref Info: Link coloring OFF on input line 131.
(./main.out) (./main.out)
\@outlinefile=\write6
\openout6 = `main.out'.

Package caption Info: Begin \AtBeginDocument code.
Package caption Info: longtable package is loaded.

(/usr/share/texlive/texmf-dist/tex/latex/caption/ltcaption.sty
Package: ltcaption 2021/01/08 v1.4c longtable captions (AR)
)
Package caption Info: supertabular package is loaded.
Package caption Info: End \AtBeginDocument code.
Package biblatex Info: Trying to load language 'ngerman'...
Package biblatex Info: ... file 'ngerman.lbx' found.

(/usr/share/texlive/texmf-dist/tex/latex/biblatex/lbx/ngerman.lbx
File: ngerman.lbx 2023/03/05 v3.19 biblatex localization (PK/MW)
Package biblatex Info: Trying to load language 'german'...
Package biblatex Info: ... file 'german.lbx' found.

(/usr/share/texlive/texmf-dist/tex/latex/biblatex/lbx/german.lbx
File: german.lbx 2023/03/05 v3.19 biblatex localization (PK/MW)
)
Package biblatex Info: Trying to load language 'german'...
Package biblatex Info: ... file 'german.lbx' found.

(/usr/share/texlive/texmf-dist/tex/latex/biblatex/lbx/german.lbx
File: german.lbx 2023/03/05 v3.19 biblatex localization (PK/MW)
))
Package biblatex Info: Input encoding 'utf8' detected.
Package biblatex Info: Automatic encoding selection.
(biblatex)             Assuming data encoding 'utf8'.
\openout3 = `main.bcf'.

Package biblatex Info: Trying to load bibliographic data...
Package biblatex Info: ... file 'main.bbl' found.
 (./main.bbl

Package biblatex Warning: Biber reported the following issues
(biblatex)                with 'nullish':
(biblatex)                - online entry 'nullish' (global/quellen.bib): Invali
d format '2024-14-11' of date field 'urldate' - ignoring.

)
Package biblatex Info: Reference section=0 on input line 131.
Package biblatex Info: Reference segment=0 on input line 131.
 (./titel.tex
<ressourcen/ergon_logo_gross.png, id=410, 556.2381pt x 118.7637pt>
File: ressourcen/ergon_logo_gross.png Graphic file (type png)
<use ressourcen/ergon_logo_gross.png>
Package pdftex.def Info: ressourcen/ergon_logo_gross.png  used on input line 5.

(pdftex.def)             Requested size: 250.95587pt x 53.58089pt.
 [1

\openout4 = `main.ist'.

{/var/lib/texmf/fonts/map/pdftex/updmap/pdftex.map}{/usr/share/texmf/fonts/enc/
dvips/cm-super/cm-super-t1.enc} <./ressourcen/ergon_logo_gross.png>]) (./global
/inhalt.tex (./main.toc
LaTeX Font Info:    Trying to load font information for U+wasy on input line 2.


(/usr/share/texlive/texmf-dist/tex/latex/wasysym/uwasy.fd
File: uwasy.fd 2020/01/19 v2.4 Wasy-2 symbol font definitions
)
LaTeX Font Info:    Trying to load font information for U+msa on input line 2.

(/usr/share/texlive/texmf-dist/tex/latex/amsfonts/umsa.fd
File: umsa.fd 2013/01/14 v3.01 AMS symbols A
)
LaTeX Font Info:    Trying to load font information for U+msb on input line 2.

(/usr/share/texlive/texmf-dist/tex/latex/amsfonts/umsb.fd
File: umsb.fd 2013/01/14 v3.01 AMS symbols B
)
pdfTeX warning (ext4): destination with the same identifier (name{page.1}) has 
been already used, duplicate ignored
<to be read again> 
                   \relax 
l.32 ...\numberline {9.1}Analyse}{30}{section.9.1}
                                                  % [1] [2])
\tf@toc=\write7
\openout7 = `main.toc'.

)
(./teil_1/umfeld_und_ablauf.tex [3] [4

]) (./teil_1/aufgabenstellung.tex
Kapitel 1.

Underfull \hbox (badness 10000) in paragraph at lines 6--11

 []


Underfull \hbox (badness 10000) in paragraph at lines 6--11

 []

[5

] [6]
LaTeX Font Info:    Trying to load font information for T1+zi4 on input line 78
.
 (/usr/share/texlive/texmf-dist/tex/latex/inconsolata/t1zi4.fd
File: t1zi4.fd 2018/01/14 T1/zi4 (Inconsolata)
)
LaTeX Font Info:    Font shape `T1/zi4/m/n' will be
(Font)              scaled to size 10.95pt on input line 78.
 [7])
(./teil_1/projektaufbauorganisation.tex [8{/usr/share/texlive/texmf-dist/fonts/
enc/dvips/inconsolata/i4-t1-0.enc}{/usr/share/texmf/fonts/enc/dvips/cm-super/cm
-super-ts1.enc}]
Kapitel 2.

Underfull \hbox (badness 7851) in paragraph at lines 12--13
[]|\T1/cmr/m/n/10.95 Facharbeit be-glei-ten, tech-ni-sche
 []


Overfull \hbox (35.99998pt too wide) in alignment at lines 5--17
 [] [] [] 
 []

) (./teil_1/benuetzte_firmenstandards.tex [9

]
Kapitel 3.
) (./teil_1/arbeitsumgebung.tex [10

]
Kapitel 4.
<ressourcen/arbeitsplatz.jpeg, id=580, 1606.0pt x 1204.5pt>
File: ressourcen/arbeitsplatz.jpeg Graphic file (type jpg)
<use ressourcen/arbeitsplatz.jpeg>
Package pdftex.def Info: ressourcen/arbeitsplatz.jpeg  used on input line 7.
(pdftex.def)             Requested size: 334.60571pt x 250.94913pt.
[11

 <./ressourcen/arbeitsplatz.jpeg>]
Underfull \hbox (badness 1406) in paragraph at lines 21--21
[]|\T1/cmr/m/n/10.95 Entwicklungsumgebung, zur Ent-
 []


Underfull \hbox (badness 10000) in paragraph at lines 21--21
[]|[]$\T1/zi4/m/n/10.95 https : / / www . jetbrains . com /
 []


Underfull \hbox (badness 3417) in paragraph at lines 22--22
[]|\T1/cmr/m/n/10.95 Enticklungsumgebung für La-tex,
 []


Underfull \hbox (badness 1237) in paragraph at lines 22--22
\T1/cmr/m/n/10.95 mit wel-chem die Do-ku-men-ta-ti-on
 []


Underfull \hbox (badness 10000) in paragraph at lines 23--23
[]|[]$\T1/zi4/m/n/10.95 https : / / www . gerritcodereview .
 []


Underfull \hbox (badness 10000) in paragraph at lines 26--26
[]|[]$\T1/zi4/m/n/10.95 https : / / www . microsoft . com /
 []


Overfull \hbox (35.99998pt too wide) in alignment at lines 18--35
 [] [] [] 
 []

[12]) (./teil_1/versionierung_und_sicherung_der_arbeitsergebnisse.tex
Kapitel 5.
) (./teil_1/projektmanagementmethode.tex [13

]
Kapitel 6.
[14

]) (./teil_1/arbeitsprotokoll.tex [15]
Kapitel 7.

Underfull \hbox (badness 1975) in paragraph at lines 7--7
[]|\T1/cmr/bx/n/10.95 Bearbeitete Ar-
 []


Underfull \hbox (badness 10000) in paragraph at lines 13--13
[]|\T1/cmr/bx/n/10.95 Vergleich mit
 []


Overfull \hbox (23.99998pt too wide) in alignment at lines 3--22
 [] [] 
 []

[16

]
Underfull \hbox (badness 1975) in paragraph at lines 30--30
[]|\T1/cmr/bx/n/10.95 Bearbeitete Ar-
 []


Underfull \hbox (badness 10000) in paragraph at lines 36--36
[]|\T1/cmr/bx/n/10.95 Vergleich mit
 []


Overfull \hbox (23.99998pt too wide) in alignment at lines 26--45
 [] [] 
 []

[17]
Underfull \hbox (badness 1975) in paragraph at lines 53--53
[]|\T1/cmr/bx/n/10.95 Bearbeitete Ar-
 []


Underfull \hbox (badness 10000) in paragraph at lines 59--59
[]|\T1/cmr/bx/n/10.95 Vergleich mit
 []


Overfull \hbox (23.99998pt too wide) in alignment at lines 49--69
 [] [] 
 []

[18]
Underfull \hbox (badness 1975) in paragraph at lines 76--76
[]|\T1/cmr/bx/n/10.95 Bearbeitete Ar-
 []


Underfull \hbox (badness 10000) in paragraph at lines 82--82
[]|\T1/cmr/bx/n/10.95 Vergleich mit
 []


Overfull \hbox (23.99998pt too wide) in alignment at lines 72--92
 [] [] 
 []

[19]
Underfull \hbox (badness 1975) in paragraph at lines 99--99
[]|\T1/cmr/bx/n/10.95 Bearbeitete Ar-
 []


Underfull \hbox (badness 10000) in paragraph at lines 105--105
[]|\T1/cmr/bx/n/10.95 Vergleich mit
 []


Overfull \hbox (23.99998pt too wide) in alignment at lines 95--115
 [] [] 
 []

[20]
Underfull \hbox (badness 1975) in paragraph at lines 122--122
[]|\T1/cmr/bx/n/10.95 Bearbeitete Ar-
 []


Underfull \hbox (badness 10000) in paragraph at lines 128--128
[]|\T1/cmr/bx/n/10.95 Vergleich mit
 []


Overfull \hbox (23.99998pt too wide) in alignment at lines 118--138
 [] [] 
 []

[21]
Underfull \hbox (badness 1975) in paragraph at lines 145--145
[]|\T1/cmr/bx/n/10.95 Bearbeitete Ar-
 []


Underfull \hbox (badness 10000) in paragraph at lines 151--151
[]|\T1/cmr/bx/n/10.95 Vergleich mit
 []


Overfull \hbox (23.99998pt too wide) in alignment at lines 141--161
 [] [] 
 []

[22]
Underfull \hbox (badness 1975) in paragraph at lines 168--168
[]|\T1/cmr/bx/n/10.95 Bearbeitete Ar-
 []


Underfull \hbox (badness 10000) in paragraph at lines 174--174
[]|\T1/cmr/bx/n/10.95 Vergleich mit
 []


Overfull \hbox (23.99998pt too wide) in alignment at lines 164--184
 [] [] 
 []

[23]
Underfull \hbox (badness 1975) in paragraph at lines 191--191
[]|\T1/cmr/bx/n/10.95 Bearbeitete Ar-
 []


Underfull \hbox (badness 10000) in paragraph at lines 197--197
[]|\T1/cmr/bx/n/10.95 Vergleich mit
 []


Overfull \hbox (23.99998pt too wide) in alignment at lines 187--207
 [] [] 
 []

[24]
Underfull \hbox (badness 1975) in paragraph at lines 214--214
[]|\T1/cmr/bx/n/10.95 Bearbeitete Ar-
 []


Underfull \hbox (badness 10000) in paragraph at lines 220--220
[]|\T1/cmr/bx/n/10.95 Vergleich mit
 []


Overfull \hbox (23.99998pt too wide) in alignment at lines 210--231
 [] [] 
 []

[25]) (./teil_1/zeitplan.tex
Kapitel 8.
[26

]

pdfTeX warning: /usr/bin/pdflatex (file ./ressourcen/zeitplan.pdf): PDF inclusi
on: found PDF version <1.7>, but at most version <1.5> allowed
<ressourcen/zeitplan.pdf, id=685, 845.07718pt x 597.55246pt>
File: ressourcen/zeitplan.pdf Graphic file (type pdf)
<use ressourcen/zeitplan.pdf>
Package pdftex.def Info: ressourcen/zeitplan.pdf  used on input line 4.
(pdftex.def)             Requested size: 845.07512pt x 597.551pt.


pdfTeX warning: /usr/bin/pdflatex (file ./ressourcen/zeitplan.pdf): PDF inclusi
on: found PDF version <1.7>, but at most version <1.5> allowed
File: ressourcen/zeitplan.pdf Graphic file (type pdf)
<use ressourcen/zeitplan.pdf>
Package pdftex.def Info: ressourcen/zeitplan.pdf  used on input line 4.
(pdftex.def)             Requested size: 845.07512pt x 597.551pt.


pdfTeX warning: /usr/bin/pdflatex (file ./ressourcen/zeitplan.pdf): PDF inclusi
on: found PDF version <1.7>, but at most version <1.5> allowed


pdfTeX warning: /usr/bin/pdflatex (file ./ressourcen/zeitplan.pdf): PDF inclusi
on: found PDF version <1.7>, but at most version <1.5> allowed
<ressourcen/zeitplan.pdf, id=688, page=1, 845.07718pt x 597.55246pt>
File: ressourcen/zeitplan.pdf Graphic file (type pdf)
<use ressourcen/zeitplan.pdf, page 1>
Package pdftex.def Info: ressourcen/zeitplan.pdf , page1 used on input line 4.
(pdftex.def)             Requested size: 845.07512pt x 597.551pt.
File: ressourcen/zeitplan.pdf Graphic file (type pdf)
<use ressourcen/zeitplan.pdf, page 1>
Package pdftex.def Info: ressourcen/zeitplan.pdf , page1 used on input line 4.
(pdftex.def)             Requested size: 845.07512pt x 597.551pt.
File: ressourcen/zeitplan.pdf Graphic file (type pdf)
<use ressourcen/zeitplan.pdf, page 1>
Package pdftex.def Info: ressourcen/zeitplan.pdf , page1 used on input line 4.
(pdftex.def)             Requested size: 845.07512pt x 597.551pt.
File: ressourcen/zeitplan.pdf Graphic file (type pdf)
<use ressourcen/zeitplan.pdf, page 1>
Package pdftex.def Info: ressourcen/zeitplan.pdf , page1 used on input line 4.
(pdftex.def)             Requested size: 845.07512pt x 597.551pt.
File: ressourcen/zeitplan.pdf Graphic file (type pdf)
<use ressourcen/zeitplan.pdf, page 1>
Package pdftex.def Info: ressourcen/zeitplan.pdf , page1 used on input line 4.
(pdftex.def)             Requested size: 845.07512pt x 597.551pt.
[27


 <./ressourcen/zeitplan.pdf>]

pdfTeX warning: /usr/bin/pdflatex (file ./ressourcen/zeitplan.pdf): PDF inclusi
on: found PDF version <1.7>, but at most version <1.5> allowed
<ressourcen/zeitplan.pdf, id=708, page=2, 845.07718pt x 597.55246pt>
File: ressourcen/zeitplan.pdf Graphic file (type pdf)
<use ressourcen/zeitplan.pdf, page 2>
Package pdftex.def Info: ressourcen/zeitplan.pdf , page2 used on input line 4.
(pdftex.def)             Requested size: 845.07512pt x 597.551pt.
File: ressourcen/zeitplan.pdf Graphic file (type pdf)
<use ressourcen/zeitplan.pdf, page 2>
Package pdftex.def Info: ressourcen/zeitplan.pdf , page2 used on input line 4.
(pdftex.def)             Requested size: 845.07512pt x 597.551pt.
File: ressourcen/zeitplan.pdf Graphic file (type pdf)
<use ressourcen/zeitplan.pdf, page 2>
Package pdftex.def Info: ressourcen/zeitplan.pdf , page2 used on input line 4.
(pdftex.def)             Requested size: 845.07512pt x 597.551pt.
[28

 <./ressourcen/zeitplan.pdf>]) (./teil_2/projekt.tex [29


])
(./teil_2/informieren.tex
Kapitel 9.

Underfull \hbox (badness 10000) in paragraph at lines 8--18

 []


Underfull \hbox (badness 10000) in paragraph at lines 8--18

 []


Underfull \hbox (badness 10000) in paragraph at lines 8--18

 []

[30

] [31] [32]) (./teil_2/planen.tex [33]
Kapitel 10.

Underfull \hbox (badness 10000) in paragraph at lines 18--18
[]|\T1/cmr/bx/n/10.95 Geschätzter
 []


Underfull \hbox (badness 10000) in paragraph at lines 20--20
[]|\T1/cmr/bx/n/10.95 Erwartetes Er-
 []


Overfull \hbox (23.99998pt too wide) in alignment at lines 12--22
 [] [] 
 []


Underfull \hbox (badness 10000) in paragraph at lines 30--30
[]|\T1/cmr/bx/n/10.95 Geschätzter
 []


Underfull \hbox (badness 10000) in paragraph at lines 32--32
[]|\T1/cmr/bx/n/10.95 Erwartetes Er-
 []


Overfull \hbox (23.99998pt too wide) in alignment at lines 24--34
 [] [] 
 []

[34

]
Underfull \hbox (badness 10000) in paragraph at lines 45--45
[]|\T1/cmr/bx/n/10.95 Geschätzter
 []


Underfull \hbox (badness 10000) in paragraph at lines 47--47
[]|\T1/cmr/bx/n/10.95 Erwartetes Er-
 []


Overfull \hbox (23.99998pt too wide) in alignment at lines 39--49
 [] [] 
 []


Underfull \hbox (badness 10000) in paragraph at lines 57--57
[]|\T1/cmr/bx/n/10.95 Geschätzter
 []


Underfull \hbox (badness 10000) in paragraph at lines 59--59
[]|\T1/cmr/bx/n/10.95 Erwartetes Er-
 []


Overfull \hbox (23.99998pt too wide) in alignment at lines 51--61
 [] [] 
 []


Underfull \hbox (badness 10000) in paragraph at lines 69--69
[]|\T1/cmr/bx/n/10.95 Geschätzter
 []


Underfull \hbox (badness 10000) in paragraph at lines 71--71
[]|\T1/cmr/bx/n/10.95 Erwartetes Er-
 []


Overfull \hbox (23.99998pt too wide) in alignment at lines 63--73
 [] [] 
 []

[35]
Underfull \hbox (badness 10000) in paragraph at lines 81--81
[]|\T1/cmr/bx/n/10.95 Geschätzter
 []


Underfull \hbox (badness 10000) in paragraph at lines 83--83
[]|\T1/cmr/bx/n/10.95 Erwartetes Er-
 []


Overfull \hbox (23.99998pt too wide) in alignment at lines 75--85
 [] [] 
 []


Underfull \hbox (badness 10000) in paragraph at lines 93--93
[]|\T1/cmr/bx/n/10.95 Geschätzter
 []


Underfull \hbox (badness 10000) in paragraph at lines 95--95
[]|\T1/cmr/bx/n/10.95 Erwartetes Er-
 []


Overfull \hbox (23.99998pt too wide) in alignment at lines 87--97
 [] [] 
 []


Underfull \hbox (badness 10000) in paragraph at lines 108--108
[]|\T1/cmr/bx/n/10.95 Geschätzter
 []


Underfull \hbox (badness 10000) in paragraph at lines 110--110
[]|\T1/cmr/bx/n/10.95 Erwartetes Er-
 []


Overfull \hbox (23.99998pt too wide) in alignment at lines 102--112
 [] [] 
 []

[36]
Underfull \hbox (badness 10000) in paragraph at lines 123--123
[]|\T1/cmr/bx/n/10.95 Geschätzter
 []


Underfull \hbox (badness 10000) in paragraph at lines 125--125
[]|\T1/cmr/bx/n/10.95 Erwartetes Er-
 []


Overfull \hbox (23.99998pt too wide) in alignment at lines 117--127
 [] [] 
 []


Underfull \hbox (badness 10000) in paragraph at lines 135--135
[]|\T1/cmr/bx/n/10.95 Geschätzter
 []


Underfull \hbox (badness 10000) in paragraph at lines 137--137
[]|\T1/cmr/bx/n/10.95 Erwartetes Er-
 []


Overfull \hbox (23.99998pt too wide) in alignment at lines 129--139
 [] [] 
 []


Underfull \hbox (badness 10000) in paragraph at lines 148--148
[]|\T1/cmr/bx/n/10.95 Geschätzter
 []


Underfull \hbox (badness 10000) in paragraph at lines 150--150
[]|\T1/cmr/bx/n/10.95 Erwartetes Er-
 []


Overfull \hbox (23.99998pt too wide) in alignment at lines 142--152
 [] [] 
 []


Underfull \hbox (badness 10000) in paragraph at lines 160--160
[]|\T1/cmr/bx/n/10.95 Geschätzter
 []


Underfull \hbox (badness 10000) in paragraph at lines 162--162
[]|\T1/cmr/bx/n/10.95 Erwartetes Er-
 []


Overfull \hbox (23.99998pt too wide) in alignment at lines 154--164
 [] [] 
 []

[37]
Underfull \hbox (badness 10000) in paragraph at lines 172--172
[]|\T1/cmr/bx/n/10.95 Geschätzter
 []


Underfull \hbox (badness 10000) in paragraph at lines 174--174
[]|\T1/cmr/bx/n/10.95 Erwartetes Er-
 []


Overfull \hbox (23.99998pt too wide) in alignment at lines 166--176
 [] [] 
 []


Underfull \hbox (badness 10000) in paragraph at lines 188--188
[]|\T1/cmr/bx/n/10.95 Geschätzter
 []


Underfull \hbox (badness 10000) in paragraph at lines 190--190
[]|\T1/cmr/bx/n/10.95 Erwartetes Er-
 []


Overfull \hbox (23.99998pt too wide) in alignment at lines 182--192
 [] [] 
 []


Underfull \hbox (badness 10000) in paragraph at lines 200--200
[]|\T1/cmr/bx/n/10.95 Geschätzter
 []


Underfull \hbox (badness 10000) in paragraph at lines 202--202
[]|\T1/cmr/bx/n/10.95 Erwartetes Er-
 []


Overfull \hbox (23.99998pt too wide) in alignment at lines 194--204
 [] [] 
 []


Underfull \hbox (badness 10000) in paragraph at lines 212--212
[]|\T1/cmr/bx/n/10.95 Geschätzter
 []


Underfull \hbox (badness 10000) in paragraph at lines 214--214
[]|\T1/cmr/bx/n/10.95 Erwartetes Er-
 []


Overfull \hbox (23.99998pt too wide) in alignment at lines 206--216
 [] [] 
 []


Underfull \hbox (badness 10000) in paragraph at lines 227--227
[]|\T1/cmr/bx/n/10.95 Geschätzter
 []


Underfull \hbox (badness 10000) in paragraph at lines 229--229
[]|\T1/cmr/bx/n/10.95 Erwartetes Er-
 []


Overfull \hbox (23.99998pt too wide) in alignment at lines 221--231
 [] [] 
 []

[38]
Underfull \hbox (badness 10000) in paragraph at lines 242--242
[]|\T1/cmr/bx/n/10.95 Geschätzter
 []


Underfull \hbox (badness 10000) in paragraph at lines 244--244
[]|\T1/cmr/bx/n/10.95 Erwartetes Er-
 []


Overfull \hbox (23.99998pt too wide) in alignment at lines 236--246
 [] [] 
 []


Underfull \hbox (badness 10000) in paragraph at lines 254--254
[]|\T1/cmr/bx/n/10.95 Geschätzter
 []


Underfull \hbox (badness 10000) in paragraph at lines 256--256
[]|\T1/cmr/bx/n/10.95 Erwartetes Er-
 []


Overfull \hbox (23.99998pt too wide) in alignment at lines 248--258
 [] [] 
 []

[39]
Underfull \hbox (badness 10000) in paragraph at lines 268--268
[]|\T1/cmr/bx/n/10.95 Geschätzter
 []


Underfull \hbox (badness 10000) in paragraph at lines 270--270
[]|\T1/cmr/bx/n/10.95 Erwartetes Er-
 []


Overfull \hbox (23.99998pt too wide) in alignment at lines 262--272
 [] [] 
 []


Underfull \hbox (badness 10000) in paragraph at lines 280--280
[]|\T1/cmr/bx/n/10.95 Geschätzter
 []


Underfull \hbox (badness 10000) in paragraph at lines 282--282
[]|\T1/cmr/bx/n/10.95 Erwartetes Er-
 []


Overfull \hbox (23.99998pt too wide) in alignment at lines 274--284
 [] [] 
 []


Underfull \hbox (badness 10000) in paragraph at lines 292--292
[]|\T1/cmr/bx/n/10.95 Geschätzter
 []


Underfull \hbox (badness 10000) in paragraph at lines 294--294
[]|\T1/cmr/bx/n/10.95 Erwartetes Er-
 []


Overfull \hbox (23.99998pt too wide) in alignment at lines 286--296
 [] [] 
 []

[40]
Underfull \hbox (badness 10000) in paragraph at lines 311--312

 []


Underfull \hbox (badness 10000) in paragraph at lines 311--312

 []

<ressourcen/restflow.png, id=790, 511.9125pt x 507.8975pt>
File: ressourcen/restflow.png Graphic file (type png)
<use ressourcen/restflow.png>
Package pdftex.def Info: ressourcen/restflow.png  used on input line 340.
(pdftex.def)             Requested size: 334.60571pt x 331.98169pt.
[41] [42 <./ressourcen/restflow.png>]
Overfull \hbox (86.86256pt too wide) in paragraph at lines 355--356
\T1/cmr/m/n/10.95 schränkt. Die-se Re-gel kann wie-der-ver-wen-det wer-den. Da-
zu gibt es einen ^^SAir-lock2FAAccessController.java.^^T
 []


Overfull \hbox (14.9886pt too wide) in paragraph at lines 360--361
[]\T1/cmr/m/n/10.95 UserAirlock2FADeviceResource.java: In die-ser Klas-se be-fi
n-det sich der GET-Endpunkt
 []


Overfull \hbox (11.8216pt too wide) in paragraph at lines 360--361
\T1/cmr/m/n/10.95 ^^S/auth-admin/rest/users/userId/tokens/airlock-2fa ^^T, wel-
cher er-wei-tert wer-den muss. 
 []

[43]
Underfull \hbox (badness 10000) in paragraph at lines 385--391

 []

[44]

pdfTeX warning: /usr/bin/pdflatex (file ./ressourcen/Mockup1.pdf): PDF inclusio
n: found PDF version <1.7>, but at most version <1.5> allowed
<ressourcen/Mockup1.pdf, id=813, 845.04686pt x 597.50786pt>
File: ressourcen/Mockup1.pdf Graphic file (type pdf)
<use ressourcen/Mockup1.pdf>
Package pdftex.def Info: ressourcen/Mockup1.pdf  used on input line 393.
(pdftex.def)             Requested size: 845.0448pt x 597.5064pt.


pdfTeX warning: /usr/bin/pdflatex (file ./ressourcen/Mockup1.pdf): PDF inclusio
n: found PDF version <1.7>, but at most version <1.5> allowed
File: ressourcen/Mockup1.pdf Graphic file (type pdf)
<use ressourcen/Mockup1.pdf>
Package pdftex.def Info: ressourcen/Mockup1.pdf  used on input line 393.
(pdftex.def)             Requested size: 845.0448pt x 597.5064pt.


pdfTeX warning: /usr/bin/pdflatex (file ./ressourcen/Mockup1.pdf): PDF inclusio
n: found PDF version <1.7>, but at most version <1.5> allowed


pdfTeX warning: /usr/bin/pdflatex (file ./ressourcen/Mockup1.pdf): PDF inclusio
n: found PDF version <1.7>, but at most version <1.5> allowed
<ressourcen/Mockup1.pdf, id=816, page=1, 845.04686pt x 597.50786pt>
File: ressourcen/Mockup1.pdf Graphic file (type pdf)
<use ressourcen/Mockup1.pdf, page 1>
Package pdftex.def Info: ressourcen/Mockup1.pdf , page1 used on input line 393.

(pdftex.def)             Requested size: 845.0448pt x 597.5064pt.
File: ressourcen/Mockup1.pdf Graphic file (type pdf)
<use ressourcen/Mockup1.pdf, page 1>
Package pdftex.def Info: ressourcen/Mockup1.pdf , page1 used on input line 393.

(pdftex.def)             Requested size: 845.0448pt x 597.5064pt.
File: ressourcen/Mockup1.pdf Graphic file (type pdf)
<use ressourcen/Mockup1.pdf, page 1>
Package pdftex.def Info: ressourcen/Mockup1.pdf , page1 used on input line 393.

(pdftex.def)             Requested size: 845.0448pt x 597.5064pt.
File: ressourcen/Mockup1.pdf Graphic file (type pdf)
<use ressourcen/Mockup1.pdf, page 1>
Package pdftex.def Info: ressourcen/Mockup1.pdf , page1 used on input line 393.

(pdftex.def)             Requested size: 845.0448pt x 597.5064pt.
File: ressourcen/Mockup1.pdf Graphic file (type pdf)
<use ressourcen/Mockup1.pdf, page 1>
Package pdftex.def Info: ressourcen/Mockup1.pdf , page1 used on input line 393.

(pdftex.def)             Requested size: 845.0448pt x 597.5064pt.
[45


 <./ressourcen/Mockup1.pdf>]
<ressourcen/popup.png, id=825, 563.10374pt x 331.2375pt>
File: ressourcen/popup.png Graphic file (type png)
<use ressourcen/popup.png>
Package pdftex.def Info: ressourcen/popup.png  used on input line 398.
(pdftex.def)             Requested size: 334.60571pt x 196.82845pt.
<ressourcen/variant_2_spa.png, id=826, 1053.9375pt x 562.1pt>
File: ressourcen/variant_2_spa.png Graphic file (type png)
<use ressourcen/variant_2_spa.png>
Package pdftex.def Info: ressourcen/variant_2_spa.png  used on input line 407.
(pdftex.def)             Requested size: 418.25555pt x 223.06917pt.
 [46

 <./ressourcen/popup.png>] [47 <./ressourcen/variant_2_spa.png>]
LaTeX Font Info:    Font shape `T1/zi4/b/n' will be
(Font)              scaled to size 10.95pt on input line 429.

Underfull \hbox (badness 10000) in paragraph at lines 448--451

 []

[48] [49] [50]
Underfull \hbox (badness 2990) in paragraph at lines 504--504
[]|\T1/cmr/bx/n/10.95 Erwartetes Re-sul-
 []

[51]
Underfull \hbox (badness 2990) in paragraph at lines 521--521
[]|\T1/cmr/bx/n/10.95 Erwartetes Re-sul-
 []


Underfull \hbox (badness 2990) in paragraph at lines 538--538
[]|\T1/cmr/bx/n/10.95 Erwartetes Re-sul-
 []

[52]) (./teil_2/entscheiden.tex [53]
Kapitel 11.

Underfull \hbox (badness 10000) in paragraph at lines 9--18

 []


Underfull \hbox (badness 10000) in paragraph at lines 9--18

 []


Underfull \hbox (badness 10000) in paragraph at lines 9--18

 []


Underfull \hbox (badness 10000) in paragraph at lines 9--18

 []


Underfull \hbox (badness 10000) in paragraph at lines 20--20
[]|\T1/cmr/bx/n/10.95 Kriterium und
 []


Overfull \hbox (35.99998pt too wide) in alignment at lines 18--25
 [] [] [] 
 []

[54

]
Underfull \hbox (badness 10000) in paragraph at lines 36--45

 []


Underfull \hbox (badness 10000) in paragraph at lines 36--45

 []


Underfull \hbox (badness 10000) in paragraph at lines 36--45

 []


Underfull \hbox (badness 10000) in paragraph at lines 36--45

 []


Underfull \hbox (badness 10000) in paragraph at lines 47--47
[]|\T1/cmr/bx/n/10.95 Popup oh-ne
 []


Overfull \hbox (47.99359pt too wide) in alignment at lines 45--52
 [] [] [] [] 
 []

) (./teil_2/realisieren.tex [55]
Kapitel 12.

Overfull \hbox (7.14328pt too wide) in paragraph at lines 15--19
\T1/cmr/m/n/10.95 Da-her wird auch hard-co-ded null zu-rück-ge-ge-ben. Air-lock
2FAShortActivationCodeData.java
 []


Underfull \hbox (badness 10000) in paragraph at lines 15--19

 []


Overfull \hbox (2.51768pt too wide) in paragraph at lines 24--25
[][][][][][][][][][][][][][][][][][][][][][][][][][][][][][][][][][][][][][][][
][][][][][][][][][][][]  
 []

[56

]
Underfull \hbox (badness 10000) in paragraph at lines 28--33

 []

<ressourcen/requestdoc.png, id=907, 1413.28pt x 347.2975pt>
File: ressourcen/requestdoc.png Graphic file (type png)
<use ressourcen/requestdoc.png>
Package pdftex.def Info: ressourcen/requestdoc.png  used on input line 42.
(pdftex.def)             Requested size: 418.25555pt x 102.78043pt.

Underfull \hbox (badness 10000) in paragraph at lines 35--45

 []


Underfull \hbox (badness 10000) in paragraph at lines 35--45

 []

<ressourcen/responsedoc.png, id=908, 1051.93pt x 748.7975pt>
File: ressourcen/responsedoc.png Graphic file (type png)
<use ressourcen/responsedoc.png>
Package pdftex.def Info: ressourcen/responsedoc.png  used on input line 52.
(pdftex.def)             Requested size: 418.25555pt x 297.73128pt.
[57 <./ressourcen/requestdoc.png>]
Underfull \hbox (badness 10000) in paragraph at lines 58--63

 []

[58 <./ressourcen/responsedoc.png>]
Underfull \hbox (badness 10000) in paragraph at lines 67--74

 []

Package hyperref Info: bookmark level for unknown lstlisting defaults to 0 on i
nput line 74.
[59]
Overfull \hbox (48.50806pt too wide) in paragraph at lines 108--109
[][][][][][][][][][][] 
 []


Underfull \hbox (badness 10000) in paragraph at lines 119--128

 []


Underfull \hbox (badness 10000) in paragraph at lines 119--128

 []


Underfull \hbox (badness 10000) in paragraph at lines 119--128

 []

[60] [61]
Underfull \hbox (badness 10000) in paragraph at lines 195--200

 []

[62]
<ressourcen/logpresent.png, id=1032, 1135.24126pt x 59.22125pt>
File: ressourcen/logpresent.png Graphic file (type png)
<use ressourcen/logpresent.png>
Package pdftex.def Info: ressourcen/logpresent.png  used on input line 218.
(pdftex.def)             Requested size: 418.25555pt x 21.81844pt.
 [63 <./ressourcen/logpresent.png>]
Underfull \hbox (badness 10000) in paragraph at lines 259--264

 []

[64] [65]
Underfull \hbox (badness 10000) in paragraph at lines 297--301

 []


Overfull \hbox (81.06848pt too wide) in paragraph at lines 322--324
[][][][][][][][][][][][][][][][][][] 
 []


Overfull \hbox (35.07811pt too wide) in paragraph at lines 324--326
[][][][][][][][][] 
 []

[66]
Overfull \hbox (2.51768pt too wide) in paragraph at lines 329--330
[][][][][][][][][][][][]  
 []


Underfull \hbox (badness 10000) in paragraph at lines 337--341

 []


Overfull \hbox (2.22784pt too wide) in paragraph at lines 344--345
[][][][][][][][][][][]  
 []

[67]
Overfull \hbox (11.02628pt too wide) in paragraph at lines 363--364
\T1/cmr/m/n/10.95 Integration-Test an-ge-passt wer-den. Hier-für wur-de zu-erst
 im <<Ad-mi-napp-Con-fig-Buil-der.java>>
 []

[68]
Underfull \hbox (badness 10000) in paragraph at lines 396--402

 []


Underfull \hbox (badness 10000) in paragraph at lines 413--419

 []

[69] [70]
<ressourcen/pagealert.png, id=1215, 584.1825pt x 74.2775pt>
File: ressourcen/pagealert.png Graphic file (type png)
<use ressourcen/pagealert.png>
Package pdftex.def Info: ressourcen/pagealert.png  used on input line 471.
(pdftex.def)             Requested size: 418.25555pt x 53.18167pt.
 [71 <./ressourcen/pagealert.png>] [72]
<ressourcen/popup-de.png, id=1238, 526.96875pt x 196.735pt>
File: ressourcen/popup-de.png Graphic file (type png)
<use ressourcen/popup-de.png>
Package pdftex.def Info: ressourcen/popup-de.png  used on input line 533.
(pdftex.def)             Requested size: 418.25555pt x 156.1574pt.
<ressourcen/popup-en.png, id=1239, 528.97626pt x 198.7425pt>
File: ressourcen/popup-en.png Graphic file (type png)
<use ressourcen/popup-en.png>
Package pdftex.def Info: ressourcen/popup-en.png  used on input line 539.
(pdftex.def)             Requested size: 418.25555pt x 157.14433pt.
<ressourcen/popup-fr.png, id=1240, 526.96875pt x 196.735pt>
File: ressourcen/popup-fr.png Graphic file (type png)
<use ressourcen/popup-fr.png>
Package pdftex.def Info: ressourcen/popup-fr.png  used on input line 545.
(pdftex.def)             Requested size: 418.25555pt x 156.1574pt.
 [73 <./ressourcen/popup-de.png>] [74 <./ressourcen/popup-en.png> <./ressourcen
/popup-fr.png>]
Overfull \hbox (10.82172pt too wide) in paragraph at lines 572--575
\T1/cmr/m/n/10.95 Nebst die-ser neu-en Dia-log Com-po-nent, muss die User-De-ta
il-sAir-lock2FATabComponent.java
 []

[75]
Underfull \hbox (badness 10000) in paragraph at lines 592--597

 []


Overfull \hbox (8.7979pt too wide) in paragraph at lines 600--601
[][][][]  
 []

[76]
Underfull \hbox (badness 10000) in paragraph at lines 627--631

 []

) (./teil_2/kontrollieren.tex [77]
Kapitel 13.

Overfull \hbox (24.0pt too wide) in alignment at lines 5--11
 [] [] 
 []

<ressourcen/unittestapi.png, id=1322, 521.95pt x 346.29375pt>
File: ressourcen/unittestapi.png Graphic file (type png)
<use ressourcen/unittestapi.png>
Package pdftex.def Info: ressourcen/unittestapi.png  used on input line 21.
(pdftex.def)             Requested size: 334.60571pt x 222.0024pt.
[78

]
<ressourcen/testadmin.png, id=1329, 311.1625pt x 128.48pt>
File: ressourcen/testadmin.png Graphic file (type png)
<use ressourcen/testadmin.png>
Package pdftex.def Info: ressourcen/testadmin.png  used on input line 28.
(pdftex.def)             Requested size: 418.25555pt x 172.70142pt.
<ressourcen/resttest.png, id=1330, 488.82625pt x 151.56625pt>
File: ressourcen/resttest.png Graphic file (type png)
<use ressourcen/resttest.png>
Package pdftex.def Info: ressourcen/resttest.png  used on input line 37.
(pdftex.def)             Requested size: 418.25555pt x 129.6876pt.
 [79 <./ressourcen/unittestapi.png> <./ressourcen/testadmin.png>]
<ressourcen/uitests.png, id=1339, 692.5875pt x 192.72pt>
File: ressourcen/uitests.png Graphic file (type png)
<use ressourcen/uitests.png>
Package pdftex.def Info: ressourcen/uitests.png  used on input line 45.
(pdftex.def)             Requested size: 460.08365pt x 128.02484pt.

Overfull \hbox (41.8281pt too wide) in paragraph at lines 45--46
 [] 
 []


Underfull \hbox (badness 10000) in paragraph at lines 50--51

 []


Underfull \hbox (badness 10000) in paragraph at lines 52--53

 []


Underfull \hbox (badness 10000) in paragraph at lines 54--56

 []

[80 <./ressourcen/resttest.png> <./ressourcen/uitests.png>]
Underfull \hbox (badness 1946) in paragraph at lines 60--60
[]|\T1/cmr/m/n/10.95 Es öff-net sich ein Po-pup (kein
 []


Underfull \hbox (badness 1946) in paragraph at lines 60--60
[]|\T1/cmr/m/n/10.95 Es öff-net sich ein Po-pup (kein
 []


Underfull \hbox (badness 8170) in paragraph at lines 61--61
[]|\T1/cmr/m/n/10.95 Der But-ton wird nicht an-ge-
 []


Underfull \hbox (badness 5331) in paragraph at lines 61--61
\T1/cmr/m/n/10.95 einen al-ter-na-ti-ven REST-Client,
 []


Overfull \hbox (47.99997pt too wide) in alignment at lines 57--63
 [] [] [] [] 
 []

[81]
<ressourcen/codeana.png, id=1356, 459.7175pt x 353.32pt>
File: ressourcen/codeana.png Graphic file (type png)
<use ressourcen/codeana.png>
Package pdftex.def Info: ressourcen/codeana.png  used on input line 82.
(pdftex.def)             Requested size: 334.60571pt x 257.17746pt.
) (./teil_2/auswerten.tex [82 <./ressourcen/codeana.png>]
Kapitel 14.
[83

] [84]) (./global/abbildungsverzeichnis.tex [85] (./main.lof)
\tf@lof=\write8
\openout8 = `main.lof'.

)
(./global/quellenverzeichnis.tex [86]
Overfull \hbox (13.95181pt too wide) in paragraph at lines 1--1
\T1/zi4/m/n/10.95 2973436 / regex -[] lookahead -[] lookbehind -[] and -[] atom
ic -[] groups$[] \T1/cmr/m/n/10.95 (be-sucht am 11.11.2024). 
 []

)

Package glossaries Warning: No \printglossary or \printglossaries found. 
(Remove \makeglossaries if you don't want any glossaries.) 
This document will not have a glossary.

[87

] 
enddocument/afterlastpage: lastpage setting LastPage.
(./main.aux)
 ***********
LaTeX2e <2023-11-01> patch level 1
L3 programming layer <2024-01-22>
 ***********
Package rerunfilecheck Info: File `main.out' has not changed.
(rerunfilecheck)             Checksum: 1189CD29A8C75392A861BBF84C05A66B;14354.
Package logreq Info: Writing requests to 'main.run.xml'.
\openout1 = `main.run.xml'.

 ) 
Here is how much of TeX's memory you used:
 35973 strings out of 474222
 643096 string characters out of 5748732
 2005975 words of memory out of 5000000
 57113 multiletter control sequences out of 15000+600000
 577426 words of font info for 83 fonts, out of 8000000 for 9000
 1143 hyphenation exceptions out of 8191
 109i,19n,117p,2373b,2463s stack positions out of 10000i,1000n,20000p,200000b,200000s
</usr/share/texlive/texmf-dist/fonts/type1/public/inconsolata/Inconsolata-zi4
b.pfb></usr/share/texlive/texmf-dist/fonts/type1/public/inconsolata/Inconsolata
-zi4r.pfb></usr/share/texlive/texmf-dist/fonts/type1/public/amsfonts/cm/cmsy10.
pfb></usr/share/texlive/texmf-dist/fonts/type1/public/amsfonts/symbols/msam10.p
fb></usr/share/texmf/fonts/type1/public/cm-super/sfbx1095.pfb></usr/share/texmf
/fonts/type1/public/cm-super/sfbx1200.pfb></usr/share/texmf/fonts/type1/public/
cm-super/sfbx1440.pfb></usr/share/texmf/fonts/type1/public/cm-super/sfbx1728.pf
b></usr/share/texmf/fonts/type1/public/cm-super/sfbx2074.pfb></usr/share/texmf/
fonts/type1/public/cm-super/sfbx2488.pfb></usr/share/texmf/fonts/type1/public/c
m-super/sfcc1095.pfb></usr/share/texmf/fonts/type1/public/cm-super/sfrm1000.pfb
></usr/share/texmf/fonts/type1/public/cm-super/sfrm1095.pfb></usr/share/texmf/f
onts/type1/public/cm-super/sfrm1200.pfb></usr/share/texmf/fonts/type1/public/cm
-super/sfrm1440.pfb></usr/share/texmf/fonts/type1/public/cm-super/sfti1095.pfb>
</usr/share/texlive/texmf-dist/fonts/type1/urw/zapfding/uzdr.pfb>
Output written on main.pdf (88 pages, 1448849 bytes).
PDF statistics:
 1618 PDF objects out of 1728 (max. 8388607)
 1433 compressed objects within 15 object streams
 568 named destinations out of 1000 (max. 500000)
 939 words of extra memory for PDF output out of 10000 (max. 10000000)

